Using pre-set license
Built from '2020.3/staging' branch; Version is '2020.3.8f1 (507919d4fff5) revision 5273881'; Using compiler version '192528614'; Build Type 'Release'
OS: 'Windows 10 Pro; OS build 19042.1165; Version 2009; 64bit' Language: 'tr' Physical Memory: 8111 MB
BatchMode: 1, IsHumanControllingUs: 0, StartBugReporterOnCrash: 0, Is64bit: 1, IsPro: 0

 COMMAND LINE ARGUMENTS:
C:\Program Files\Unity\Hub\Editor\2020.3.8f1\Editor\Unity.exe
-adb2
-batchMode
-noUpm
-name
AssetImportWorker0
-projectPath
C:/Users/firat/Desktop/Uniry3d/2D-Platform-games
-logFile
Logs/AssetImportWorker0.log
-srvPort
54561
Successfully changed project path to: C:/Users/firat/Desktop/Uniry3d/2D-Platform-games
C:/Users/firat/Desktop/Uniry3d/2D-Platform-games
Using Asset Import Pipeline V2.
Refreshing native plugins compatible for Editor in 50.62 ms, found 0 plugins.
Preloading 0 native plugins for Editor in 0.00 ms.
Initialize engine version: 2020.3.8f1 (507919d4fff5)
[Subsystems] Discovering subsystems at path C:/Program Files/Unity/Hub/Editor/2020.3.8f1/Editor/Data/Resources/UnitySubsystems
[Subsystems] Discovering subsystems at path C:/Users/firat/Desktop/Uniry3d/2D-Platform-games/Assets
GfxDevice: creating device client; threaded=0
Direct3D:
    Version:  Direct3D 11.0 [level 11.0]
    Renderer: NVIDIA GeForce GTX 950M (ID=0x139a)
    Vendor:   
    VRAM:     2010 MB
    Driver:   30.0.14.7196
Initialize mono
Mono path[0] = 'C:/Program Files/Unity/Hub/Editor/2020.3.8f1/Editor/Data/Managed'
Mono path[1] = 'C:/Program Files/Unity/Hub/Editor/2020.3.8f1/Editor/Data/MonoBleedingEdge/lib/mono/unityjit'
Mono config path = 'C:/Program Files/Unity/Hub/Editor/2020.3.8f1/Editor/Data/MonoBleedingEdge/etc'
Using monoOptions --debugger-agent=transport=dt_socket,embedding=1,server=y,suspend=n,address=127.0.0.1:56168
Begin MonoManager ReloadAssembly
Registering precompiled unity dll's ...
Register platform support module: C:/Program Files/Unity/Hub/Editor/2020.3.8f1/Editor/Data/PlaybackEngines/WindowsStandaloneSupport/UnityEditor.WindowsStandalone.Extensions.dll
Registered in 0.002903 seconds.
Native extension for WindowsStandalone target not found
Refreshing native plugins compatible for Editor in 33.39 ms, found 0 plugins.
Preloading 0 native plugins for Editor in 0.00 ms.
Mono: successfully reloaded assembly
- Completed reload, in  3.610 seconds
Platform modules already initialized, skipping
Registering precompiled user dll's ...
Registered in 0.000952 seconds.
Begin MonoManager ReloadAssembly
Native extension for WindowsStandalone target not found
Refreshing native plugins compatible for Editor in 0.29 ms, found 0 plugins.
Preloading 0 native plugins for Editor in 0.00 ms.
Mono: successfully reloaded assembly
- Completed reload, in  2.220 seconds
Platform modules already initialized, skipping
========================================================================
Worker process is ready to serve import requests
Launched and connected shader compiler UnityShaderCompiler.exe after 0.06 seconds
Refreshing native plugins compatible for Editor in 0.28 ms, found 0 plugins.
Preloading 0 native plugins for Editor in 0.00 ms.
Unloading 1115 Unused Serialized files (Serialized files now loaded: 0)
System memory in use before: 57.2 MB.
System memory in use after: 57.2 MB.

Unloading 10 unused Assets to reduce memory usage. Loaded Objects now: 1557.
Total: 2.147500 ms (FindLiveObjects: 0.146800 ms CreateObjectMapping: 0.054700 ms MarkObjects: 1.847800 ms  DeleteObjects: 0.096500 ms)

========================================================================
Received Import Request.
  path: Assets/Course Library/Humans
  artifactKey: Guid(f09165a6113c3484f84f5d06d40147ec) Importer(815301076,1909f56bfc062723c751e8b465ee728b)
Start importing Assets/Course Library/Humans using Guid(f09165a6113c3484f84f5d06d40147ec) Importer(815301076,1909f56bfc062723c751e8b465ee728b)  -> (artifact id: '5ab24ca66d828051ed7ef9a502178da6') in 0.044548 seconds
  Import took 0.047880 seconds .

========================================================================
Received Import Request.
  Time since last request: 0.010357 seconds.
  path: Assets/Course Library/Humans/SimpleFarmer_Man_01_Black.prefab
  artifactKey: Guid(f8abbdd178867d2419ba9feb6ff2cba0) Importer(815301076,1909f56bfc062723c751e8b465ee728b)
Start importing Assets/Course Library/Humans/SimpleFarmer_Man_01_Black.prefab using Guid(f8abbdd178867d2419ba9feb6ff2cba0) Importer(815301076,1909f56bfc062723c751e8b465ee728b)  -> (artifact id: 'ed99c7a4f7c1c0a07942bd43269a4f8b') in 1.170751 seconds
  Import took 1.184553 seconds .

========================================================================
Received Import Request.
  Time since last request: 0.000741 seconds.
  path: Assets/Course Library/Humans/SimpleFarmer_Man_02_Brown.prefab
  artifactKey: Guid(814f4326a50812947b2469896d89a215) Importer(815301076,1909f56bfc062723c751e8b465ee728b)
Start importing Assets/Course Library/Humans/SimpleFarmer_Man_02_Brown.prefab using Guid(814f4326a50812947b2469896d89a215) Importer(815301076,1909f56bfc062723c751e8b465ee728b)  -> (artifact id: '309b792b36c018637bfafb489afb76a9') in 0.070039 seconds
  Import took 0.076424 seconds .

========================================================================
Received Import Request.
  Time since last request: 0.000261 seconds.
  path: Assets/Course Library/Humans/SimpleFarmer_Man_01_Brown.prefab
  artifactKey: Guid(6f52b946693e54048af74f5cd6ba49f8) Importer(815301076,1909f56bfc062723c751e8b465ee728b)
Start importing Assets/Course Library/Humans/SimpleFarmer_Man_01_Brown.prefab using Guid(6f52b946693e54048af74f5cd6ba49f8) Importer(815301076,1909f56bfc062723c751e8b465ee728b)  -> (artifact id: '84f8fe38aa7d297a21b945728a89940a') in 0.045966 seconds
  Import took 0.065225 seconds .

========================================================================
Received Import Request.
  Time since last request: 0.000260 seconds.
  path: Assets/Course Library/Humans/SimpleFarmer_Woman_02_Brown.prefab
  artifactKey: Guid(f3f69bcf5a1514c458ed5c9b96f28e34) Importer(815301076,1909f56bfc062723c751e8b465ee728b)
Start importing Assets/Course Library/Humans/SimpleFarmer_Woman_02_Brown.prefab using Guid(f3f69bcf5a1514c458ed5c9b96f28e34) Importer(815301076,1909f56bfc062723c751e8b465ee728b)  -> (artifact id: '8528eb9ea8b5f55076e1cec5099a9d15') in 0.054581 seconds
  Import took 0.059916 seconds .

========================================================================
Received Import Request.
  Time since last request: 0.000279 seconds.
  path: Assets/Course Library/Humans/SimpleFarmer_Woman_02_White.prefab
  artifactKey: Guid(3cf7f489270aac84fb12901330960a5b) Importer(815301076,1909f56bfc062723c751e8b465ee728b)
Start importing Assets/Course Library/Humans/SimpleFarmer_Woman_02_White.prefab using Guid(3cf7f489270aac84fb12901330960a5b) Importer(815301076,1909f56bfc062723c751e8b465ee728b)  -> (artifact id: '71be9cbe324913a68a0e56f3997ce64d') in 0.044194 seconds
  Import took 0.050769 seconds .

========================================================================
Received Import Request.
  Time since last request: 0.000241 seconds.
  path: Assets/Course Library/Humans/SimpleFarmer_Man_02_Black.prefab
  artifactKey: Guid(fc01a3bb589cebc4aa10892db165243b) Importer(815301076,1909f56bfc062723c751e8b465ee728b)
Start importing Assets/Course Library/Humans/SimpleFarmer_Man_02_Black.prefab using Guid(fc01a3bb589cebc4aa10892db165243b) Importer(815301076,1909f56bfc062723c751e8b465ee728b)  -> (artifact id: '02cca7e1f575b83ddfe3d9fc28f9c52e') in 0.054253 seconds
  Import took 0.062276 seconds .

========================================================================
Received Import Request.
  Time since last request: 0.001039 seconds.
  path: Assets/Course Library/Humans/SimpleFarmer_Woman_01_Black.prefab
  artifactKey: Guid(0e1316a3e46fdb349b6ff648610a1d71) Importer(815301076,1909f56bfc062723c751e8b465ee728b)
Start importing Assets/Course Library/Humans/SimpleFarmer_Woman_01_Black.prefab using Guid(0e1316a3e46fdb349b6ff648610a1d71) Importer(815301076,1909f56bfc062723c751e8b465ee728b)  -> (artifact id: '4ff7bfd42585e13c266d607049ddc5d6') in 0.067773 seconds
  Import took 0.073128 seconds .

========================================================================
Received Import Request.
  Time since last request: 0.000226 seconds.
  path: Assets/Course Library/Humans/SimpleFarmer_Woman_01_Brown.prefab
  artifactKey: Guid(610afbb40c4385d42aa33adfe3531f0a) Importer(815301076,1909f56bfc062723c751e8b465ee728b)
Start importing Assets/Course Library/Humans/SimpleFarmer_Woman_01_Brown.prefab using Guid(610afbb40c4385d42aa33adfe3531f0a) Importer(815301076,1909f56bfc062723c751e8b465ee728b)  -> (artifact id: '54e5cec6d3825d13c263ee6f2b45ba14') in 0.051164 seconds
  Import took 0.056387 seconds .

========================================================================
Received Import Request.
  Time since last request: 0.000268 seconds.
  path: Assets/Course Library/Humans/SimpleFarmer_Woman_01_White.prefab
  artifactKey: Guid(7169122e91e1981469b2b6045ddf7963) Importer(815301076,1909f56bfc062723c751e8b465ee728b)
Start importing Assets/Course Library/Humans/SimpleFarmer_Woman_01_White.prefab using Guid(7169122e91e1981469b2b6045ddf7963) Importer(815301076,1909f56bfc062723c751e8b465ee728b)  -> (artifact id: '23efb5c12bf72b8050c0397bc637b132') in 0.052151 seconds
  Import took 0.058814 seconds .

========================================================================
Received Import Request.
  Time since last request: 0.000272 seconds.
  path: Assets/Course Library/Humans/SimpleFarmer_Man_02_White.prefab
  artifactKey: Guid(7b6675de545141649953fd8adec4561b) Importer(815301076,1909f56bfc062723c751e8b465ee728b)
Start importing Assets/Course Library/Humans/SimpleFarmer_Man_02_White.prefab using Guid(7b6675de545141649953fd8adec4561b) Importer(815301076,1909f56bfc062723c751e8b465ee728b)  -> (artifact id: '16bfa05d8b6c9897761a8e4e4443b17e') in 0.051357 seconds
  Import took 0.073579 seconds .

========================================================================
Received Import Request.
  Time since last request: 0.000249 seconds.
  path: Assets/Course Library/Humans/SimpleFarmer_Man_01_White.prefab
  artifactKey: Guid(3bd8a450fcb589542a7843ea7bda2ee6) Importer(815301076,1909f56bfc062723c751e8b465ee728b)
Start importing Assets/Course Library/Humans/SimpleFarmer_Man_01_White.prefab using Guid(3bd8a450fcb589542a7843ea7bda2ee6) Importer(815301076,1909f56bfc062723c751e8b465ee728b)  -> (artifact id: 'df60c64b8796bdd541c2b986bef4e077') in 0.042870 seconds
  Import took 0.047870 seconds .

========================================================================
Received Import Request.
  Time since last request: 0.000219 seconds.
  path: Assets/Course Library/Humans/SimpleFarmer_Woman_02_Black.prefab
  artifactKey: Guid(2af1fa464b69e4c4cb1a408373c7d971) Importer(815301076,1909f56bfc062723c751e8b465ee728b)
Start importing Assets/Course Library/Humans/SimpleFarmer_Woman_02_Black.prefab using Guid(2af1fa464b69e4c4cb1a408373c7d971) Importer(815301076,1909f56bfc062723c751e8b465ee728b)  -> (artifact id: '53e3a261204992a9814eede48e4c5362') in 0.053549 seconds
  Import took 0.058583 seconds .

========================================================================
Received Import Request.
  Time since last request: 147.655376 seconds.
  path: Assets/Course Library/Animals/Forest
  artifactKey: Guid(305561f73a33c4b6c8ed58fdafd88cdf) Importer(815301076,1909f56bfc062723c751e8b465ee728b)
Start importing Assets/Course Library/Animals/Forest using Guid(305561f73a33c4b6c8ed58fdafd88cdf) Importer(815301076,1909f56bfc062723c751e8b465ee728b)  -> (artifact id: 'de8cc5bd9b8d577276650f5203037156') in 0.009556 seconds
  Import took 0.013454 seconds .

========================================================================
Received Import Request.
  Time since last request: 144.504564 seconds.
  path: Assets/Scripts
  artifactKey: Guid(9da133a752d20f54993419b31c27b93e) Importer(815301076,1909f56bfc062723c751e8b465ee728b)
Start importing Assets/Scripts using Guid(9da133a752d20f54993419b31c27b93e) Importer(815301076,1909f56bfc062723c751e8b465ee728b)  -> (artifact id: '16e4186f62be8e07a0e4c3f0b0c96863') in 0.007846 seconds
  Import took 0.010764 seconds .

========================================================================
Received Prepare
Registering precompiled user dll's ...
Registered in 0.001024 seconds.
Begin MonoManager ReloadAssembly
Native extension for WindowsStandalone target not found
Refreshing native plugins compatible for Editor in 0.26 ms, found 0 plugins.
Preloading 0 native plugins for Editor in 0.00 ms.
Mono: successfully reloaded assembly
- Completed reload, in  1.097 seconds
Platform modules already initialized, skipping
Refreshing native plugins compatible for Editor in 0.42 ms, found 0 plugins.
Preloading 0 native plugins for Editor in 0.00 ms.
Unloading 1111 Unused Serialized files (Serialized files now loaded: 0)
System memory in use before: 74.6 MB.
System memory in use after: 74.7 MB.

Unloading 5 unused Assets to reduce memory usage. Loaded Objects now: 1570.
Total: 2.050400 ms (FindLiveObjects: 0.174800 ms CreateObjectMapping: 0.043500 ms MarkObjects: 1.763300 ms  DeleteObjects: 0.067400 ms)

========================================================================
Received Import Request.
  Time since last request: 15.040919 seconds.
  path: Assets/Scripts/NewBehaviourScript.cs
  artifactKey: Guid(beb05957598c1764e99aa5ee412f465f) Importer(815301076,1909f56bfc062723c751e8b465ee728b)
Start importing Assets/Scripts/NewBehaviourScript.cs using Guid(beb05957598c1764e99aa5ee412f465f) Importer(815301076,1909f56bfc062723c751e8b465ee728b)  -> (artifact id: 'fdc48665a5cc2ff1769bd6ae14a6e77d') in 0.141793 seconds
  Import took 0.144218 seconds .

========================================================================
Received Import Request.
  Time since last request: 81.195266 seconds.
  path: Assets/Scripts/PlayerController.cs
  artifactKey: Guid(beb05957598c1764e99aa5ee412f465f) Importer(815301076,1909f56bfc062723c751e8b465ee728b)
Start importing Assets/Scripts/PlayerController.cs using Guid(beb05957598c1764e99aa5ee412f465f) Importer(815301076,1909f56bfc062723c751e8b465ee728b)  -> (artifact id: '7f9082450ba93b5723cc304347b97a0c') in 0.009985 seconds
  Import took 0.013063 seconds .

========================================================================
Received Prepare
Registering precompiled user dll's ...
Registered in 0.000686 seconds.
Begin MonoManager ReloadAssembly
Native extension for WindowsStandalone target not found
Refreshing native plugins compatible for Editor in 0.28 ms, found 0 plugins.
Preloading 0 native plugins for Editor in 0.00 ms.
Mono: successfully reloaded assembly
- Completed reload, in  1.032 seconds
Platform modules already initialized, skipping
Refreshing native plugins compatible for Editor in 0.27 ms, found 0 plugins.
Preloading 0 native plugins for Editor in 0.00 ms.
Unloading 1111 Unused Serialized files (Serialized files now loaded: 0)
System memory in use before: 74.6 MB.
System memory in use after: 74.7 MB.

Unloading 5 unused Assets to reduce memory usage. Loaded Objects now: 1573.
Total: 2.445400 ms (FindLiveObjects: 0.338500 ms CreateObjectMapping: 0.127200 ms MarkObjects: 1.909400 ms  DeleteObjects: 0.068800 ms)

========================================================================
Received Prepare
Registering precompiled user dll's ...
Registered in 0.000812 seconds.
Begin MonoManager ReloadAssembly
Native extension for WindowsStandalone target not found
Refreshing native plugins compatible for Editor in 0.27 ms, found 0 plugins.
Preloading 0 native plugins for Editor in 0.00 ms.
Mono: successfully reloaded assembly
- Completed reload, in  1.064 seconds
Platform modules already initialized, skipping
Refreshing native plugins compatible for Editor in 0.33 ms, found 0 plugins.
Preloading 0 native plugins for Editor in 0.00 ms.
Unloading 1110 Unused Serialized files (Serialized files now loaded: 0)
System memory in use before: 74.6 MB.
System memory in use after: 74.7 MB.

Unloading 6 unused Assets to reduce memory usage. Loaded Objects now: 1575.
Total: 2.154000 ms (FindLiveObjects: 0.175000 ms CreateObjectMapping: 0.075400 ms MarkObjects: 1.840700 ms  DeleteObjects: 0.061800 ms)

========================================================================
Received Import Request.
  Time since last request: 323.846746 seconds.
  path: Assets/Scripts/Playerscript.cs
  artifactKey: Guid(df7f78e94caef0340aeef661293e3b2e) Importer(815301076,1909f56bfc062723c751e8b465ee728b)
Start importing Assets/Scripts/Playerscript.cs using Guid(df7f78e94caef0340aeef661293e3b2e) Importer(815301076,1909f56bfc062723c751e8b465ee728b)  -> (artifact id: '61f208acb9360039214a7f8ee7c4c56e') in 0.011104 seconds
  Import took 0.014902 seconds .

========================================================================
Received Prepare
Registering precompiled user dll's ...
Registered in 0.000914 seconds.
Begin MonoManager ReloadAssembly
Native extension for WindowsStandalone target not found
Refreshing native plugins compatible for Editor in 0.26 ms, found 0 plugins.
Preloading 0 native plugins for Editor in 0.00 ms.
Mono: successfully reloaded assembly
- Completed reload, in  1.145 seconds
Platform modules already initialized, skipping
Refreshing native plugins compatible for Editor in 1.21 ms, found 0 plugins.
Preloading 0 native plugins for Editor in 0.00 ms.
Unloading 1111 Unused Serialized files (Serialized files now loaded: 0)
System memory in use before: 74.6 MB.
System memory in use after: 74.7 MB.

Unloading 5 unused Assets to reduce memory usage. Loaded Objects now: 1579.
Total: 2.672100 ms (FindLiveObjects: 0.186100 ms CreateObjectMapping: 0.083900 ms MarkObjects: 2.127600 ms  DeleteObjects: 0.269900 ms)

========================================================================
Received Prepare
Registering precompiled user dll's ...
Registered in 0.001236 seconds.
Begin MonoManager ReloadAssembly
Native extension for WindowsStandalone target not found
Refreshing native plugins compatible for Editor in 0.27 ms, found 0 plugins.
Preloading 0 native plugins for Editor in 0.00 ms.
Mono: successfully reloaded assembly
- Completed reload, in  1.173 seconds
Platform modules already initialized, skipping
Refreshing native plugins compatible for Editor in 0.25 ms, found 0 plugins.
Preloading 0 native plugins for Editor in 0.00 ms.
Unloading 1112 Unused Serialized files (Serialized files now loaded: 0)
System memory in use before: 74.7 MB.
System memory in use after: 74.7 MB.

Unloading 5 unused Assets to reduce memory usage. Loaded Objects now: 1583.
Total: 1.947600 ms (FindLiveObjects: 0.143700 ms CreateObjectMapping: 0.044000 ms MarkObjects: 1.694800 ms  DeleteObjects: 0.063600 ms)

========================================================================
Received Prepare
Registering precompiled user dll's ...
Registered in 0.001078 seconds.
Begin MonoManager ReloadAssembly
Native extension for WindowsStandalone target not found
Refreshing native plugins compatible for Editor in 0.27 ms, found 0 plugins.
Preloading 0 native plugins for Editor in 0.00 ms.
Mono: successfully reloaded assembly
- Completed reload, in  1.309 seconds
Platform modules already initialized, skipping
Refreshing native plugins compatible for Editor in 0.25 ms, found 0 plugins.
Preloading 0 native plugins for Editor in 0.00 ms.
Unloading 1112 Unused Serialized files (Serialized files now loaded: 0)
System memory in use before: 74.7 MB.
System memory in use after: 74.8 MB.

Unloading 5 unused Assets to reduce memory usage. Loaded Objects now: 1586.
Total: 2.122200 ms (FindLiveObjects: 0.147900 ms CreateObjectMapping: 0.065700 ms MarkObjects: 1.829700 ms  DeleteObjects: 0.078200 ms)

========================================================================
Received Prepare
Registering precompiled user dll's ...
Registered in 0.001022 seconds.
Begin MonoManager ReloadAssembly
Native extension for WindowsStandalone target not found
Refreshing native plugins compatible for Editor in 0.33 ms, found 0 plugins.
Preloading 0 native plugins for Editor in 0.00 ms.
Mono: successfully reloaded assembly
- Completed reload, in  1.603 seconds
Platform modules already initialized, skipping
Refreshing native plugins compatible for Editor in 0.50 ms, found 0 plugins.
Preloading 0 native plugins for Editor in 0.00 ms.
Unloading 1112 Unused Serialized files (Serialized files now loaded: 0)
System memory in use before: 74.7 MB.
System memory in use after: 74.8 MB.

Unloading 5 unused Assets to reduce memory usage. Loaded Objects now: 1589.
Total: 3.855100 ms (FindLiveObjects: 0.262100 ms CreateObjectMapping: 0.089700 ms MarkObjects: 3.418500 ms  DeleteObjects: 0.082900 ms)

========================================================================
Received Prepare
Registering precompiled user dll's ...
Registered in 0.001298 seconds.
Begin MonoManager ReloadAssembly
Native extension for WindowsStandalone target not found
Refreshing native plugins compatible for Editor in 0.30 ms, found 0 plugins.
Preloading 0 native plugins for Editor in 0.00 ms.
Mono: successfully reloaded assembly
- Completed reload, in  1.292 seconds
Platform modules already initialized, skipping
Refreshing native plugins compatible for Editor in 0.31 ms, found 0 plugins.
Preloading 0 native plugins for Editor in 0.00 ms.
Unloading 1112 Unused Serialized files (Serialized files now loaded: 0)
System memory in use before: 74.7 MB.
System memory in use after: 74.8 MB.

Unloading 5 unused Assets to reduce memory usage. Loaded Objects now: 1592.
Total: 2.149600 ms (FindLiveObjects: 0.166600 ms CreateObjectMapping: 0.075600 ms MarkObjects: 1.844100 ms  DeleteObjects: 0.062200 ms)

========================================================================
Received Prepare
Registering precompiled user dll's ...
Registered in 0.000802 seconds.
Begin MonoManager ReloadAssembly
Native extension for WindowsStandalone target not found
Refreshing native plugins compatible for Editor in 0.27 ms, found 0 plugins.
Preloading 0 native plugins for Editor in 0.00 ms.
Mono: successfully reloaded assembly
- Completed reload, in  1.120 seconds
Platform modules already initialized, skipping
Refreshing native plugins compatible for Editor in 0.29 ms, found 0 plugins.
Preloading 0 native plugins for Editor in 0.00 ms.
Unloading 1112 Unused Serialized files (Serialized files now loaded: 0)
System memory in use before: 74.7 MB.
System memory in use after: 74.8 MB.

Unloading 5 unused Assets to reduce memory usage. Loaded Objects now: 1595.
Total: 2.309900 ms (FindLiveObjects: 0.194300 ms CreateObjectMapping: 0.052300 ms MarkObjects: 1.984200 ms  DeleteObjects: 0.077300 ms)

========================================================================
Received Import Request.
  Time since last request: 1410.912176 seconds.
  path: Assets/Scripts/Playerscript.cs
  artifactKey: Guid(df7f78e94caef0340aeef661293e3b2e) Importer(815301076,1909f56bfc062723c751e8b465ee728b)
Start importing Assets/Scripts/Playerscript.cs using Guid(df7f78e94caef0340aeef661293e3b2e) Importer(815301076,1909f56bfc062723c751e8b465ee728b)  -> (artifact id: '406fc6f2e901ae39de596270908924c4') in 0.008657 seconds
  Import took 0.012176 seconds .

========================================================================
Received Import Request.
  Time since last request: 0.001508 seconds.
  path: Assets/Scripts/Playerscript.cs
  artifactKey: Guid(df7f78e94caef0340aeef661293e3b2e) Importer(815301076,1909f56bfc062723c751e8b465ee728b)
Start importing Assets/Scripts/Playerscript.cs using Guid(df7f78e94caef0340aeef661293e3b2e) Importer(815301076,1909f56bfc062723c751e8b465ee728b)  -> (artifact id: '406fc6f2e901ae39de596270908924c4') in 0.004182 seconds
  Import took 0.006973 seconds .

========================================================================
Received Import Request.
  Time since last request: 0.505786 seconds.
  path: Assets/Scripts/PlayerController.cs
  artifactKey: Guid(beb05957598c1764e99aa5ee412f465f) Importer(815301076,1909f56bfc062723c751e8b465ee728b)
Start importing Assets/Scripts/PlayerController.cs using Guid(beb05957598c1764e99aa5ee412f465f) Importer(815301076,1909f56bfc062723c751e8b465ee728b)  -> (artifact id: '8cba8f579ebf7f098bdeec3bca109879') in 0.004483 seconds
  Import took 0.007132 seconds .

========================================================================
Received Prepare
Registering precompiled user dll's ...
Registered in 0.001045 seconds.
Begin MonoManager ReloadAssembly
Native extension for WindowsStandalone target not found
Refreshing native plugins compatible for Editor in 0.39 ms, found 0 plugins.
Preloading 0 native plugins for Editor in 0.00 ms.
Mono: successfully reloaded assembly
- Completed reload, in  1.357 seconds
Platform modules already initialized, skipping
Refreshing native plugins compatible for Editor in 0.41 ms, found 0 plugins.
Preloading 0 native plugins for Editor in 0.00 ms.
Unloading 1111 Unused Serialized files (Serialized files now loaded: 0)
System memory in use before: 74.7 MB.
System memory in use after: 74.8 MB.

Unloading 6 unused Assets to reduce memory usage. Loaded Objects now: 1597.
Total: 2.211100 ms (FindLiveObjects: 0.176400 ms CreateObjectMapping: 0.079000 ms MarkObjects: 1.889700 ms  DeleteObjects: 0.064800 ms)

========================================================================
Received Import Request.
  Time since last request: 20.853594 seconds.
  path: Assets/Scripts/MoveForward.cs
  artifactKey: Guid(891dec2e34929a34a86e26e9b41ff95e) Importer(815301076,1909f56bfc062723c751e8b465ee728b)
Start importing Assets/Scripts/MoveForward.cs using Guid(891dec2e34929a34a86e26e9b41ff95e) Importer(815301076,1909f56bfc062723c751e8b465ee728b)  -> (artifact id: '13a1c521688d3b8382bf204e9382a2a3') in 0.019577 seconds
  Import took 0.035193 seconds .

========================================================================
Received Prepare
Registering precompiled user dll's ...
Registered in 0.001604 seconds.
Begin MonoManager ReloadAssembly
Native extension for WindowsStandalone target not found
Refreshing native plugins compatible for Editor in 0.27 ms, found 0 plugins.
Preloading 0 native plugins for Editor in 0.00 ms.
Mono: successfully reloaded assembly
- Completed reload, in  1.184 seconds
Platform modules already initialized, skipping
Refreshing native plugins compatible for Editor in 0.29 ms, found 0 plugins.
Preloading 0 native plugins for Editor in 0.00 ms.
Unloading 1112 Unused Serialized files (Serialized files now loaded: 0)
System memory in use before: 74.7 MB.
System memory in use after: 74.8 MB.

Unloading 5 unused Assets to reduce memory usage. Loaded Objects now: 1601.
Total: 2.521700 ms (FindLiveObjects: 0.155900 ms CreateObjectMapping: 0.071300 ms MarkObjects: 2.236700 ms  DeleteObjects: 0.056600 ms)

========================================================================
Received Prepare
Registering precompiled user dll's ...
Registered in 0.000977 seconds.
Begin MonoManager ReloadAssembly
Native extension for WindowsStandalone target not found
Refreshing native plugins compatible for Editor in 0.32 ms, found 0 plugins.
Preloading 0 native plugins for Editor in 0.00 ms.
Mono: successfully reloaded assembly
- Completed reload, in  1.272 seconds
Platform modules already initialized, skipping
Refreshing native plugins compatible for Editor in 0.30 ms, found 0 plugins.
Preloading 0 native plugins for Editor in 0.00 ms.
Unloading 1112 Unused Serialized files (Serialized files now loaded: 0)
System memory in use before: 74.7 MB.
System memory in use after: 74.8 MB.

Unloading 5 unused Assets to reduce memory usage. Loaded Objects now: 1604.
Total: 1.931600 ms (FindLiveObjects: 0.149900 ms CreateObjectMapping: 0.052800 ms MarkObjects: 1.662700 ms  DeleteObjects: 0.064700 ms)

========================================================================
Received Import Request.
  Time since last request: 238.760831 seconds.
  path: Assets/Prefabs
  artifactKey: Guid(46559ffb7f4c72f4eacaa1f8b954c5ed) Importer(815301076,1909f56bfc062723c751e8b465ee728b)
Start importing Assets/Prefabs using Guid(46559ffb7f4c72f4eacaa1f8b954c5ed) Importer(815301076,1909f56bfc062723c751e8b465ee728b)  -> (artifact id: 'e63cee938a54a5b8259b03e3d59ef66a') in 0.029779 seconds
  Import took 0.032606 seconds .

========================================================================
Received Import Request.
  Time since last request: 80.955531 seconds.
  path: Assets/Prefabs/Food_Pizza_01.prefab
  artifactKey: Guid(8faeabdda7b3da948a08505841842920) Importer(815301076,1909f56bfc062723c751e8b465ee728b)
Start importing Assets/Prefabs/Food_Pizza_01.prefab using Guid(8faeabdda7b3da948a08505841842920) Importer(815301076,1909f56bfc062723c751e8b465ee728b)  -> (artifact id: '6694961bbf4c008eabbab57ec83ef944') in 0.189575 seconds
  Import took 0.193582 seconds .

========================================================================
Received Prepare
Registering precompiled user dll's ...
Registered in 0.000976 seconds.
Begin MonoManager ReloadAssembly
Native extension for WindowsStandalone target not found
Refreshing native plugins compatible for Editor in 0.29 ms, found 0 plugins.
Preloading 0 native plugins for Editor in 0.00 ms.
Mono: successfully reloaded assembly
- Completed reload, in  1.218 seconds
Platform modules already initialized, skipping
Refreshing native plugins compatible for Editor in 0.30 ms, found 0 plugins.
Preloading 0 native plugins for Editor in 0.00 ms.
Unloading 1112 Unused Serialized files (Serialized files now loaded: 0)
System memory in use before: 74.8 MB.
System memory in use after: 74.8 MB.

Unloading 5 unused Assets to reduce memory usage. Loaded Objects now: 1608.
Total: 2.375200 ms (FindLiveObjects: 0.184100 ms CreateObjectMapping: 0.050000 ms MarkObjects: 2.077800 ms  DeleteObjects: 0.062100 ms)

========================================================================
Received Prepare
Registering precompiled user dll's ...
Registered in 0.000841 seconds.
Begin MonoManager ReloadAssembly
Native extension for WindowsStandalone target not found
Refreshing native plugins compatible for Editor in 0.27 ms, found 0 plugins.
Preloading 0 native plugins for Editor in 0.00 ms.
Mono: successfully reloaded assembly
- Completed reload, in  1.311 seconds
Platform modules already initialized, skipping
Refreshing native plugins compatible for Editor in 0.49 ms, found 0 plugins.
Preloading 0 native plugins for Editor in 0.00 ms.
Unloading 1112 Unused Serialized files (Serialized files now loaded: 0)
System memory in use before: 74.8 MB.
System memory in use after: 74.8 MB.

Unloading 5 unused Assets to reduce memory usage. Loaded Objects now: 1611.
Total: 2.669700 ms (FindLiveObjects: 0.197700 ms CreateObjectMapping: 0.088900 ms MarkObjects: 2.304400 ms  DeleteObjects: 0.077400 ms)

========================================================================
Received Import Request.
  Time since last request: 1025.924669 seconds.
  path: Assets/Prefabs/Animal_Doe_02.prefab
  artifactKey: Guid(48d52650fd39e71428b76feba30a730f) Importer(815301076,1909f56bfc062723c751e8b465ee728b)
Start importing Assets/Prefabs/Animal_Doe_02.prefab using Guid(48d52650fd39e71428b76feba30a730f) Importer(815301076,1909f56bfc062723c751e8b465ee728b)  -> (artifact id: '4bc06957c0319ae55fc7999cc0a18131') in 0.264288 seconds
  Import took 0.289213 seconds .

========================================================================
Received Import Request.
  Time since last request: 3.430592 seconds.
  path: Assets/Prefabs/Animal_Fox_01.prefab
  artifactKey: Guid(5cfa7fa9ce1c5d7468b56d7c0b0049cf) Importer(815301076,1909f56bfc062723c751e8b465ee728b)
Start importing Assets/Prefabs/Animal_Fox_01.prefab using Guid(5cfa7fa9ce1c5d7468b56d7c0b0049cf) Importer(815301076,1909f56bfc062723c751e8b465ee728b)  -> (artifact id: 'd0524831abd193214f3e468e86bf7a50') in 0.091690 seconds
  Import took 0.095415 seconds .

========================================================================
Received Import Request.
  Time since last request: 3.031144 seconds.
  path: Assets/Prefabs/Animal_Moose_01.prefab
  artifactKey: Guid(805f2dcb38729a74188334587efcd8ba) Importer(815301076,1909f56bfc062723c751e8b465ee728b)
Start importing Assets/Prefabs/Animal_Moose_01.prefab using Guid(805f2dcb38729a74188334587efcd8ba) Importer(815301076,1909f56bfc062723c751e8b465ee728b)  -> (artifact id: '3548c3c2edbb80ba0f56aef4d8c2f8d2') in 0.061283 seconds
  Import took 0.066106 seconds .

========================================================================
Received Import Request.
  Time since last request: 137.490459 seconds.
  path: Assets/Scripts/DestroyOutOfB.cs
  artifactKey: Guid(dd787ed580c916345ae7a0e7c12dc083) Importer(815301076,1909f56bfc062723c751e8b465ee728b)
Start importing Assets/Scripts/DestroyOutOfB.cs using Guid(dd787ed580c916345ae7a0e7c12dc083) Importer(815301076,1909f56bfc062723c751e8b465ee728b)  -> (artifact id: '7da2a5deed654a06b46ccbddfa420665') in 0.112805 seconds
  Import took 0.116570 seconds .

========================================================================
Received Prepare
Registering precompiled user dll's ...
Registered in 0.000738 seconds.
Begin MonoManager ReloadAssembly
Native extension for WindowsStandalone target not found
Refreshing native plugins compatible for Editor in 0.27 ms, found 0 plugins.
Preloading 0 native plugins for Editor in 0.00 ms.
Mono: successfully reloaded assembly
- Completed reload, in  1.098 seconds
Platform modules already initialized, skipping
Refreshing native plugins compatible for Editor in 0.29 ms, found 0 plugins.
Preloading 0 native plugins for Editor in 0.00 ms.
Unloading 1113 Unused Serialized files (Serialized files now loaded: 0)
System memory in use before: 74.8 MB.
System memory in use after: 74.9 MB.

Unloading 5 unused Assets to reduce memory usage. Loaded Objects now: 1616.
Total: 2.153300 ms (FindLiveObjects: 0.166700 ms CreateObjectMapping: 0.057400 ms MarkObjects: 1.843200 ms  DeleteObjects: 0.084700 ms)

========================================================================
Received Prepare
Registering precompiled user dll's ...
Registered in 0.000884 seconds.
Begin MonoManager ReloadAssembly
Native extension for WindowsStandalone target not found
Refreshing native plugins compatible for Editor in 0.27 ms, found 0 plugins.
Preloading 0 native plugins for Editor in 0.00 ms.
Mono: successfully reloaded assembly
- Completed reload, in  1.202 seconds
Platform modules already initialized, skipping
Refreshing native plugins compatible for Editor in 0.43 ms, found 0 plugins.
Preloading 0 native plugins for Editor in 0.00 ms.
Unloading 1113 Unused Serialized files (Serialized files now loaded: 0)
System memory in use before: 74.8 MB.
System memory in use after: 74.9 MB.

Unloading 5 unused Assets to reduce memory usage. Loaded Objects now: 1619.
Total: 3.206000 ms (FindLiveObjects: 0.209100 ms CreateObjectMapping: 0.096500 ms MarkObjects: 2.813400 ms  DeleteObjects: 0.084600 ms)

========================================================================
Received Import Request.
  Time since last request: 265.783605 seconds.
  path: Assets/Prefabs/Food_Pizza_01.prefab
  artifactKey: Guid(8faeabdda7b3da948a08505841842920) Importer(815301076,1909f56bfc062723c751e8b465ee728b)
Start importing Assets/Prefabs/Food_Pizza_01.prefab using Guid(8faeabdda7b3da948a08505841842920) Importer(815301076,1909f56bfc062723c751e8b465ee728b)  -> (artifact id: 'f62419b6b261790a47f2d3289e797f94') in 0.112689 seconds
  Import took 0.131043 seconds .

========================================================================
Received Prepare
Registering precompiled user dll's ...
Registered in 0.000967 seconds.
Begin MonoManager ReloadAssembly
Native extension for WindowsStandalone target not found
Refreshing native plugins compatible for Editor in 0.34 ms, found 0 plugins.
Preloading 0 native plugins for Editor in 0.00 ms.
Mono: successfully reloaded assembly
- Completed reload, in  1.368 seconds
Platform modules already initialized, skipping
Refreshing native plugins compatible for Editor in 0.24 ms, found 0 plugins.
Preloading 0 native plugins for Editor in 0.00 ms.
Unloading 1113 Unused Serialized files (Serialized files now loaded: 0)
System memory in use before: 74.8 MB.
System memory in use after: 74.9 MB.

Unloading 5 unused Assets to reduce memory usage. Loaded Objects now: 1623.
Total: 2.164800 ms (FindLiveObjects: 0.159200 ms CreateObjectMapping: 0.068700 ms MarkObjects: 1.839200 ms  DeleteObjects: 0.097100 ms)

AssetImportWorkerClient::OnTransportError - code=2 error=End of file
