Using pre-set license
Built from '2020.3/staging' branch; Version is '2020.3.8f1 (507919d4fff5) revision 5273881'; Using compiler version '192528614'; Build Type 'Release'
OS: 'Windows 10 Pro; OS build 19042.1165; Version 2009; 64bit' Language: 'tr' Physical Memory: 8111 MB
BatchMode: 1, IsHumanControllingUs: 0, StartBugReporterOnCrash: 0, Is64bit: 1, IsPro: 0

 COMMAND LINE ARGUMENTS:
C:\Program Files\Unity\Hub\Editor\2020.3.8f1\Editor\Unity.exe
-adb2
-batchMode
-noUpm
-name
AssetImportWorker0
-projectPath
C:/Users/firat/Desktop/Uniry3d/2D-Platform-games
-logFile
Logs/AssetImportWorker0.log
-srvPort
62123
Successfully changed project path to: C:/Users/firat/Desktop/Uniry3d/2D-Platform-games
C:/Users/firat/Desktop/Uniry3d/2D-Platform-games
Using Asset Import Pipeline V2.
Refreshing native plugins compatible for Editor in 27.43 ms, found 0 plugins.
Preloading 0 native plugins for Editor in 0.00 ms.
Initialize engine version: 2020.3.8f1 (507919d4fff5)
[Subsystems] Discovering subsystems at path C:/Program Files/Unity/Hub/Editor/2020.3.8f1/Editor/Data/Resources/UnitySubsystems
[Subsystems] Discovering subsystems at path C:/Users/firat/Desktop/Uniry3d/2D-Platform-games/Assets
GfxDevice: creating device client; threaded=0
Direct3D:
    Version:  Direct3D 11.0 [level 11.0]
    Renderer: NVIDIA GeForce GTX 950M (ID=0x139a)
    Vendor:   
    VRAM:     2010 MB
    Driver:   30.0.14.7196
Initialize mono
Mono path[0] = 'C:/Program Files/Unity/Hub/Editor/2020.3.8f1/Editor/Data/Managed'
Mono path[1] = 'C:/Program Files/Unity/Hub/Editor/2020.3.8f1/Editor/Data/MonoBleedingEdge/lib/mono/unityjit'
Mono config path = 'C:/Program Files/Unity/Hub/Editor/2020.3.8f1/Editor/Data/MonoBleedingEdge/etc'
Using monoOptions --debugger-agent=transport=dt_socket,embedding=1,server=y,suspend=n,address=127.0.0.1:56404
Begin MonoManager ReloadAssembly
Registering precompiled unity dll's ...
Register platform support module: C:/Program Files/Unity/Hub/Editor/2020.3.8f1/Editor/Data/PlaybackEngines/WindowsStandaloneSupport/UnityEditor.WindowsStandalone.Extensions.dll
Registered in 0.002237 seconds.
Native extension for WindowsStandalone target not found
Refreshing native plugins compatible for Editor in 26.36 ms, found 0 plugins.
Preloading 0 native plugins for Editor in 0.00 ms.
Mono: successfully reloaded assembly
- Completed reload, in  2.659 seconds
Platform modules already initialized, skipping
Registering precompiled user dll's ...
Registered in 0.000766 seconds.
Begin MonoManager ReloadAssembly
Native extension for WindowsStandalone target not found
Refreshing native plugins compatible for Editor in 0.27 ms, found 0 plugins.
Preloading 0 native plugins for Editor in 0.00 ms.
Mono: successfully reloaded assembly
- Completed reload, in  0.988 seconds
Platform modules already initialized, skipping
========================================================================
Worker process is ready to serve import requests
Launched and connected shader compiler UnityShaderCompiler.exe after 0.15 seconds
Refreshing native plugins compatible for Editor in 0.25 ms, found 0 plugins.
Preloading 0 native plugins for Editor in 0.00 ms.
Unloading 1119 Unused Serialized files (Serialized files now loaded: 0)
System memory in use before: 57.8 MB.
System memory in use after: 57.8 MB.

Unloading 10 unused Assets to reduce memory usage. Loaded Objects now: 1562.
Total: 2.281400 ms (FindLiveObjects: 0.149500 ms CreateObjectMapping: 0.043600 ms MarkObjects: 1.996300 ms  DeleteObjects: 0.090900 ms)

========================================================================
Received Import Request.
  path: Assets/Scripts/SpawnManager.cs
  artifactKey: Guid(07c0532059357ff428260200f2c688fc) Importer(815301076,1909f56bfc062723c751e8b465ee728b)
Start importing Assets/Scripts/SpawnManager.cs using Guid(07c0532059357ff428260200f2c688fc) Importer(815301076,1909f56bfc062723c751e8b465ee728b)  -> (artifact id: 'aea51fb94757211cc9b6d577514140c8') in 0.122508 seconds
  Import took 0.124696 seconds .

========================================================================
Received Prepare
Registering precompiled user dll's ...
Registered in 0.000805 seconds.
Begin MonoManager ReloadAssembly
Native extension for WindowsStandalone target not found
Refreshing native plugins compatible for Editor in 0.31 ms, found 0 plugins.
Preloading 0 native plugins for Editor in 0.00 ms.
Mono: successfully reloaded assembly
- Completed reload, in  1.069 seconds
Platform modules already initialized, skipping
Refreshing native plugins compatible for Editor in 0.42 ms, found 0 plugins.
Preloading 0 native plugins for Editor in 0.00 ms.
Unloading 1114 Unused Serialized files (Serialized files now loaded: 0)
System memory in use before: 57.7 MB.
System memory in use after: 57.8 MB.

Unloading 5 unused Assets to reduce memory usage. Loaded Objects now: 1565.
Total: 2.134400 ms (FindLiveObjects: 0.149900 ms CreateObjectMapping: 0.044100 ms MarkObjects: 1.865000 ms  DeleteObjects: 0.074200 ms)

========================================================================
Received Import Request.
  Time since last request: 366.095951 seconds.
  path: Assets/Scripts/SpawnManager.cs
  artifactKey: Guid(07c0532059357ff428260200f2c688fc) Importer(815301076,1909f56bfc062723c751e8b465ee728b)
Start importing Assets/Scripts/SpawnManager.cs using Guid(07c0532059357ff428260200f2c688fc) Importer(815301076,1909f56bfc062723c751e8b465ee728b)  -> (artifact id: '81990d220174cfe08f43a148f25d50ff') in 0.006624 seconds
  Import took 0.121177 seconds .

========================================================================
Received Prepare
Registering precompiled user dll's ...
Registered in 0.000820 seconds.
Begin MonoManager ReloadAssembly
Native extension for WindowsStandalone target not found
Refreshing native plugins compatible for Editor in 0.41 ms, found 0 plugins.
Preloading 0 native plugins for Editor in 0.00 ms.
Mono: successfully reloaded assembly
- Completed reload, in  1.326 seconds
Platform modules already initialized, skipping
Refreshing native plugins compatible for Editor in 0.62 ms, found 0 plugins.
Preloading 0 native plugins for Editor in 0.00 ms.
Unloading 1114 Unused Serialized files (Serialized files now loaded: 0)
System memory in use before: 57.7 MB.
System memory in use after: 57.8 MB.

Unloading 5 unused Assets to reduce memory usage. Loaded Objects now: 1568.
Total: 4.222400 ms (FindLiveObjects: 0.244800 ms CreateObjectMapping: 0.114800 ms MarkObjects: 3.732900 ms  DeleteObjects: 0.125100 ms)

========================================================================
Received Import Request.
  Time since last request: 243.323062 seconds.
  path: Assets/Prefabs/Animal_Doe_02.prefab
  artifactKey: Guid(48d52650fd39e71428b76feba30a730f) Importer(815301076,1909f56bfc062723c751e8b465ee728b)
Start importing Assets/Prefabs/Animal_Doe_02.prefab using Guid(48d52650fd39e71428b76feba30a730f) Importer(815301076,1909f56bfc062723c751e8b465ee728b)  -> (artifact id: '1e1c652d034d112f50955f9c400e643b') in 1.132448 seconds
  Import took 1.147136 seconds .

========================================================================
Received Import Request.
  Time since last request: 0.000319 seconds.
  path: Assets/Prefabs/Animal_Moose_01.prefab
  artifactKey: Guid(805f2dcb38729a74188334587efcd8ba) Importer(815301076,1909f56bfc062723c751e8b465ee728b)
Start importing Assets/Prefabs/Animal_Moose_01.prefab using Guid(805f2dcb38729a74188334587efcd8ba) Importer(815301076,1909f56bfc062723c751e8b465ee728b)  -> (artifact id: '39cbdc554f878c6ca61ef08b4adbff69') in 0.053476 seconds
  Import took 0.068758 seconds .

========================================================================
Received Import Request.
  Time since last request: 0.000233 seconds.
  path: Assets/Prefabs/Animal_Fox_01.prefab
  artifactKey: Guid(5cfa7fa9ce1c5d7468b56d7c0b0049cf) Importer(815301076,1909f56bfc062723c751e8b465ee728b)
Start importing Assets/Prefabs/Animal_Fox_01.prefab using Guid(5cfa7fa9ce1c5d7468b56d7c0b0049cf) Importer(815301076,1909f56bfc062723c751e8b465ee728b)  -> (artifact id: 'f8fb5047ecf794368e9cd28b8a9ca574') in 0.183096 seconds
  Import took 0.198033 seconds .

========================================================================
Received Prepare
Registering precompiled user dll's ...
Registered in 0.000960 seconds.
Begin MonoManager ReloadAssembly
Native extension for WindowsStandalone target not found
Refreshing native plugins compatible for Editor in 0.32 ms, found 0 plugins.
Preloading 0 native plugins for Editor in 0.00 ms.
Mono: successfully reloaded assembly
- Completed reload, in  1.278 seconds
Platform modules already initialized, skipping
Refreshing native plugins compatible for Editor in 0.28 ms, found 0 plugins.
Preloading 0 native plugins for Editor in 0.00 ms.
Unloading 1114 Unused Serialized files (Serialized files now loaded: 0)
System memory in use before: 74.5 MB.
System memory in use after: 74.5 MB.

Unloading 5 unused Assets to reduce memory usage. Loaded Objects now: 1579.
Total: 2.275600 ms (FindLiveObjects: 0.219200 ms CreateObjectMapping: 0.083500 ms MarkObjects: 1.905100 ms  DeleteObjects: 0.066500 ms)

========================================================================
Received Prepare
Registering precompiled user dll's ...
Registered in 0.000921 seconds.
Begin MonoManager ReloadAssembly
Native extension for WindowsStandalone target not found
Refreshing native plugins compatible for Editor in 0.27 ms, found 0 plugins.
Preloading 0 native plugins for Editor in 0.00 ms.
Mono: successfully reloaded assembly
- Completed reload, in  1.174 seconds
Platform modules already initialized, skipping
Refreshing native plugins compatible for Editor in 0.29 ms, found 0 plugins.
Preloading 0 native plugins for Editor in 0.00 ms.
Unloading 1114 Unused Serialized files (Serialized files now loaded: 0)
System memory in use before: 74.5 MB.
System memory in use after: 74.5 MB.

Unloading 5 unused Assets to reduce memory usage. Loaded Objects now: 1582.
Total: 2.363600 ms (FindLiveObjects: 0.179600 ms CreateObjectMapping: 0.082100 ms MarkObjects: 2.040400 ms  DeleteObjects: 0.060200 ms)

========================================================================
Received Prepare
Registering precompiled user dll's ...
Registered in 0.001677 seconds.
Begin MonoManager ReloadAssembly
Native extension for WindowsStandalone target not found
Refreshing native plugins compatible for Editor in 0.28 ms, found 0 plugins.
Preloading 0 native plugins for Editor in 0.00 ms.
Mono: successfully reloaded assembly
- Completed reload, in  1.215 seconds
Platform modules already initialized, skipping
Refreshing native plugins compatible for Editor in 0.34 ms, found 0 plugins.
Preloading 0 native plugins for Editor in 0.00 ms.
Unloading 1114 Unused Serialized files (Serialized files now loaded: 0)
System memory in use before: 74.5 MB.
System memory in use after: 74.5 MB.

Unloading 5 unused Assets to reduce memory usage. Loaded Objects now: 1585.
Total: 2.722100 ms (FindLiveObjects: 0.177800 ms CreateObjectMapping: 0.084300 ms MarkObjects: 2.386200 ms  DeleteObjects: 0.072600 ms)

========================================================================
Received Import Request.
  Time since last request: 975.076944 seconds.
  path: Assets/Prefabs/Animal_Moose_01.prefab
  artifactKey: Guid(805f2dcb38729a74188334587efcd8ba) Importer(815301076,1909f56bfc062723c751e8b465ee728b)
Start importing Assets/Prefabs/Animal_Moose_01.prefab using Guid(805f2dcb38729a74188334587efcd8ba) Importer(815301076,1909f56bfc062723c751e8b465ee728b)  -> (artifact id: 'dbe7e8afff550deb538526b27f4d27f5') in 0.118287 seconds
  Import took 0.149838 seconds .

========================================================================
Received Import Request.
  Time since last request: 3.634843 seconds.
  path: Assets/Prefabs/Animal_Fox_01.prefab
  artifactKey: Guid(5cfa7fa9ce1c5d7468b56d7c0b0049cf) Importer(815301076,1909f56bfc062723c751e8b465ee728b)
Start importing Assets/Prefabs/Animal_Fox_01.prefab using Guid(5cfa7fa9ce1c5d7468b56d7c0b0049cf) Importer(815301076,1909f56bfc062723c751e8b465ee728b)  -> (artifact id: '81d8ef3ae80af90cfbd62d037471b7d4') in 0.026390 seconds
  Import took 0.031207 seconds .

========================================================================
Received Prepare
Registering precompiled user dll's ...
Registered in 0.000933 seconds.
Begin MonoManager ReloadAssembly
Native extension for WindowsStandalone target not found
Refreshing native plugins compatible for Editor in 0.29 ms, found 0 plugins.
Preloading 0 native plugins for Editor in 0.00 ms.
Mono: successfully reloaded assembly
- Completed reload, in  1.142 seconds
Platform modules already initialized, skipping
Refreshing native plugins compatible for Editor in 0.33 ms, found 0 plugins.
Preloading 0 native plugins for Editor in 0.00 ms.
Unloading 1114 Unused Serialized files (Serialized files now loaded: 0)
System memory in use before: 74.5 MB.
System memory in use after: 74.6 MB.

Unloading 5 unused Assets to reduce memory usage. Loaded Objects now: 1589.
Total: 2.060900 ms (FindLiveObjects: 0.155600 ms CreateObjectMapping: 0.067000 ms MarkObjects: 1.755200 ms  DeleteObjects: 0.082100 ms)

========================================================================
Received Prepare
Registering precompiled user dll's ...
Registered in 0.001026 seconds.
Begin MonoManager ReloadAssembly
Native extension for WindowsStandalone target not found
Refreshing native plugins compatible for Editor in 0.28 ms, found 0 plugins.
Preloading 0 native plugins for Editor in 0.00 ms.
Mono: successfully reloaded assembly
- Completed reload, in  1.297 seconds
Platform modules already initialized, skipping
Refreshing native plugins compatible for Editor in 1.02 ms, found 0 plugins.
Preloading 0 native plugins for Editor in 0.00 ms.
Unloading 1114 Unused Serialized files (Serialized files now loaded: 0)
System memory in use before: 74.5 MB.
System memory in use after: 74.6 MB.

Unloading 5 unused Assets to reduce memory usage. Loaded Objects now: 1592.
Total: 3.593200 ms (FindLiveObjects: 0.195700 ms CreateObjectMapping: 0.055300 ms MarkObjects: 3.257800 ms  DeleteObjects: 0.082300 ms)

========================================================================
Received Prepare
Registering precompiled user dll's ...
Registered in 0.001007 seconds.
Begin MonoManager ReloadAssembly
Native extension for WindowsStandalone target not found
Refreshing native plugins compatible for Editor in 0.51 ms, found 0 plugins.
Preloading 0 native plugins for Editor in 0.00 ms.
Mono: successfully reloaded assembly
- Completed reload, in  1.401 seconds
Platform modules already initialized, skipping
Refreshing native plugins compatible for Editor in 0.50 ms, found 0 plugins.
Preloading 0 native plugins for Editor in 0.00 ms.
Unloading 1114 Unused Serialized files (Serialized files now loaded: 0)
System memory in use before: 74.5 MB.
System memory in use after: 74.6 MB.

Unloading 5 unused Assets to reduce memory usage. Loaded Objects now: 1595.
Total: 3.193200 ms (FindLiveObjects: 0.198200 ms CreateObjectMapping: 0.101100 ms MarkObjects: 2.784500 ms  DeleteObjects: 0.107400 ms)

========================================================================
Received Prepare
Registering precompiled user dll's ...
Registered in 0.001546 seconds.
Begin MonoManager ReloadAssembly
Native extension for WindowsStandalone target not found
Refreshing native plugins compatible for Editor in 0.29 ms, found 0 plugins.
Preloading 0 native plugins for Editor in 0.00 ms.
Mono: successfully reloaded assembly
- Completed reload, in  1.418 seconds
Platform modules already initialized, skipping
Refreshing native plugins compatible for Editor in 0.52 ms, found 0 plugins.
Preloading 0 native plugins for Editor in 0.00 ms.
Unloading 1114 Unused Serialized files (Serialized files now loaded: 0)
System memory in use before: 74.5 MB.
System memory in use after: 74.6 MB.

Unloading 5 unused Assets to reduce memory usage. Loaded Objects now: 1598.
Total: 3.522600 ms (FindLiveObjects: 0.490600 ms CreateObjectMapping: 0.104600 ms MarkObjects: 2.836700 ms  DeleteObjects: 0.088500 ms)

========================================================================
Received Prepare
Registering precompiled user dll's ...
Registered in 0.001027 seconds.
Begin MonoManager ReloadAssembly
Native extension for WindowsStandalone target not found
Refreshing native plugins compatible for Editor in 0.29 ms, found 0 plugins.
Preloading 0 native plugins for Editor in 0.00 ms.
Mono: successfully reloaded assembly
- Completed reload, in  1.502 seconds
Platform modules already initialized, skipping
Refreshing native plugins compatible for Editor in 0.30 ms, found 0 plugins.
Preloading 0 native plugins for Editor in 0.00 ms.
Unloading 1114 Unused Serialized files (Serialized files now loaded: 0)
System memory in use before: 74.5 MB.
System memory in use after: 74.6 MB.

Unloading 5 unused Assets to reduce memory usage. Loaded Objects now: 1601.
Total: 2.135900 ms (FindLiveObjects: 0.175600 ms CreateObjectMapping: 0.044700 ms MarkObjects: 1.846500 ms  DeleteObjects: 0.067800 ms)

========================================================================
Received Prepare
Registering precompiled user dll's ...
Registered in 0.001408 seconds.
Begin MonoManager ReloadAssembly
Native extension for WindowsStandalone target not found
Refreshing native plugins compatible for Editor in 0.47 ms, found 0 plugins.
Preloading 0 native plugins for Editor in 0.00 ms.
Mono: successfully reloaded assembly
- Completed reload, in  1.286 seconds
Platform modules already initialized, skipping
Refreshing native plugins compatible for Editor in 0.36 ms, found 0 plugins.
Preloading 0 native plugins for Editor in 0.00 ms.
Unloading 1114 Unused Serialized files (Serialized files now loaded: 0)
System memory in use before: 74.5 MB.
System memory in use after: 74.6 MB.

Unloading 5 unused Assets to reduce memory usage. Loaded Objects now: 1604.
Total: 2.955900 ms (FindLiveObjects: 0.192800 ms CreateObjectMapping: 0.068600 ms MarkObjects: 2.574900 ms  DeleteObjects: 0.116600 ms)

========================================================================
Received Prepare
Registering precompiled user dll's ...
Registered in 0.001179 seconds.
Begin MonoManager ReloadAssembly
Native extension for WindowsStandalone target not found
Refreshing native plugins compatible for Editor in 0.39 ms, found 0 plugins.
Preloading 0 native plugins for Editor in 0.00 ms.
Mono: successfully reloaded assembly
- Completed reload, in  1.478 seconds
Platform modules already initialized, skipping
Refreshing native plugins compatible for Editor in 0.33 ms, found 0 plugins.
Preloading 0 native plugins for Editor in 0.00 ms.
Unloading 1114 Unused Serialized files (Serialized files now loaded: 0)
System memory in use before: 74.5 MB.
System memory in use after: 74.6 MB.

Unloading 5 unused Assets to reduce memory usage. Loaded Objects now: 1607.
Total: 2.005000 ms (FindLiveObjects: 0.175600 ms CreateObjectMapping: 0.043500 ms MarkObjects: 1.721800 ms  DeleteObjects: 0.062800 ms)

========================================================================
Received Prepare
Registering precompiled user dll's ...
Registered in 0.000953 seconds.
Begin MonoManager ReloadAssembly
Native extension for WindowsStandalone target not found
Refreshing native plugins compatible for Editor in 0.33 ms, found 0 plugins.
Preloading 0 native plugins for Editor in 0.00 ms.
Mono: successfully reloaded assembly
- Completed reload, in  1.432 seconds
Platform modules already initialized, skipping
Refreshing native plugins compatible for Editor in 0.37 ms, found 0 plugins.
Preloading 0 native plugins for Editor in 0.00 ms.
Unloading 1114 Unused Serialized files (Serialized files now loaded: 0)
System memory in use before: 74.5 MB.
System memory in use after: 74.6 MB.

Unloading 5 unused Assets to reduce memory usage. Loaded Objects now: 1610.
Total: 2.566100 ms (FindLiveObjects: 0.196700 ms CreateObjectMapping: 0.049100 ms MarkObjects: 2.236800 ms  DeleteObjects: 0.081400 ms)

========================================================================
Received Prepare
Registering precompiled user dll's ...
Registered in 0.001076 seconds.
Begin MonoManager ReloadAssembly
Native extension for WindowsStandalone target not found
Refreshing native plugins compatible for Editor in 0.27 ms, found 0 plugins.
Preloading 0 native plugins for Editor in 0.00 ms.
Mono: successfully reloaded assembly
- Completed reload, in  1.180 seconds
Platform modules already initialized, skipping
Refreshing native plugins compatible for Editor in 0.29 ms, found 0 plugins.
Preloading 0 native plugins for Editor in 0.00 ms.
Unloading 1114 Unused Serialized files (Serialized files now loaded: 0)
System memory in use before: 74.5 MB.
System memory in use after: 74.6 MB.

Unloading 5 unused Assets to reduce memory usage. Loaded Objects now: 1613.
Total: 2.642500 ms (FindLiveObjects: 0.215700 ms CreateObjectMapping: 0.090500 ms MarkObjects: 2.258300 ms  DeleteObjects: 0.076300 ms)

========================================================================
Received Prepare
Registering precompiled user dll's ...
Registered in 0.001003 seconds.
Begin MonoManager ReloadAssembly
Native extension for WindowsStandalone target not found
Refreshing native plugins compatible for Editor in 0.63 ms, found 0 plugins.
Preloading 0 native plugins for Editor in 0.00 ms.
Mono: successfully reloaded assembly
- Completed reload, in  1.175 seconds
Platform modules already initialized, skipping
Refreshing native plugins compatible for Editor in 0.28 ms, found 0 plugins.
Preloading 0 native plugins for Editor in 0.00 ms.
Unloading 1114 Unused Serialized files (Serialized files now loaded: 0)
System memory in use before: 74.6 MB.
System memory in use after: 74.7 MB.

Unloading 5 unused Assets to reduce memory usage. Loaded Objects now: 1616.
Total: 2.040700 ms (FindLiveObjects: 0.148800 ms CreateObjectMapping: 0.064800 ms MarkObjects: 1.760200 ms  DeleteObjects: 0.066000 ms)

========================================================================
Received Prepare
Registering precompiled user dll's ...
Registered in 0.001089 seconds.
Begin MonoManager ReloadAssembly
Native extension for WindowsStandalone target not found
Refreshing native plugins compatible for Editor in 0.44 ms, found 0 plugins.
Preloading 0 native plugins for Editor in 0.00 ms.
Mono: successfully reloaded assembly
- Completed reload, in  1.214 seconds
Platform modules already initialized, skipping
Refreshing native plugins compatible for Editor in 0.36 ms, found 0 plugins.
Preloading 0 native plugins for Editor in 0.00 ms.
Unloading 1114 Unused Serialized files (Serialized files now loaded: 0)
System memory in use before: 74.6 MB.
System memory in use after: 74.7 MB.

Unloading 5 unused Assets to reduce memory usage. Loaded Objects now: 1619.
Total: 3.119200 ms (FindLiveObjects: 0.294200 ms CreateObjectMapping: 0.136000 ms MarkObjects: 2.619300 ms  DeleteObjects: 0.067800 ms)

========================================================================
Received Prepare
Registering precompiled user dll's ...
Registered in 0.000852 seconds.
Begin MonoManager ReloadAssembly
Native extension for WindowsStandalone target not found
Refreshing native plugins compatible for Editor in 0.29 ms, found 0 plugins.
Preloading 0 native plugins for Editor in 0.00 ms.
Mono: successfully reloaded assembly
- Completed reload, in  1.176 seconds
Platform modules already initialized, skipping
Refreshing native plugins compatible for Editor in 0.26 ms, found 0 plugins.
Preloading 0 native plugins for Editor in 0.00 ms.
Unloading 1114 Unused Serialized files (Serialized files now loaded: 0)
System memory in use before: 74.6 MB.
System memory in use after: 74.7 MB.

Unloading 5 unused Assets to reduce memory usage. Loaded Objects now: 1622.
Total: 1.834400 ms (FindLiveObjects: 0.137700 ms CreateObjectMapping: 0.042200 ms MarkObjects: 1.593400 ms  DeleteObjects: 0.060000 ms)

========================================================================
Received Import Request.
  Time since last request: 2734.308684 seconds.
  path: Assets/Prefabs/Animal_Doe_02.prefab
  artifactKey: Guid(48d52650fd39e71428b76feba30a730f) Importer(815301076,1909f56bfc062723c751e8b465ee728b)
Start importing Assets/Prefabs/Animal_Doe_02.prefab using Guid(48d52650fd39e71428b76feba30a730f) Importer(815301076,1909f56bfc062723c751e8b465ee728b)  -> (artifact id: 'd0b2bdcf29a3d1282fa577379bebdb38') in 0.125315 seconds
  Import took 0.144617 seconds .

========================================================================
Received Import Request.
  Time since last request: 10.580189 seconds.
  path: Assets/Prefabs/Animal_Doe_02.prefab
  artifactKey: Guid(48d52650fd39e71428b76feba30a730f) Importer(815301076,1909f56bfc062723c751e8b465ee728b)
Start importing Assets/Prefabs/Animal_Doe_02.prefab using Guid(48d52650fd39e71428b76feba30a730f) Importer(815301076,1909f56bfc062723c751e8b465ee728b)  -> (artifact id: 'c7ed7fa4bd6c6969afebe4f7ab3eafcb') in 0.020995 seconds
  Import took 0.024325 seconds .

========================================================================
Received Import Request.
  Time since last request: 7.275042 seconds.
  path: Assets/Prefabs/Animal_Doe_02.prefab
  artifactKey: Guid(48d52650fd39e71428b76feba30a730f) Importer(815301076,1909f56bfc062723c751e8b465ee728b)
Start importing Assets/Prefabs/Animal_Doe_02.prefab using Guid(48d52650fd39e71428b76feba30a730f) Importer(815301076,1909f56bfc062723c751e8b465ee728b)  -> (artifact id: 'e6c87a7ffee4dd0878c0944007a6b9ab') in 0.020920 seconds
  Import took 0.033208 seconds .

========================================================================
Received Import Request.
  Time since last request: 3.466714 seconds.
  path: Assets/Prefabs/Animal_Doe_02.prefab
  artifactKey: Guid(48d52650fd39e71428b76feba30a730f) Importer(815301076,1909f56bfc062723c751e8b465ee728b)
Start importing Assets/Prefabs/Animal_Doe_02.prefab using Guid(48d52650fd39e71428b76feba30a730f) Importer(815301076,1909f56bfc062723c751e8b465ee728b)  -> (artifact id: 'a3273892210837876f7a65a7f62466ee') in 0.043151 seconds
  Import took 0.046223 seconds .

========================================================================
Received Import Request.
  Time since last request: 3.023878 seconds.
  path: Assets/Prefabs/Animal_Doe_02.prefab
  artifactKey: Guid(48d52650fd39e71428b76feba30a730f) Importer(815301076,1909f56bfc062723c751e8b465ee728b)
Start importing Assets/Prefabs/Animal_Doe_02.prefab using Guid(48d52650fd39e71428b76feba30a730f) Importer(815301076,1909f56bfc062723c751e8b465ee728b)  -> (artifact id: 'bed25a3be0c09606c1403a0af98c9da6') in 0.022506 seconds
  Import took 0.025722 seconds .

========================================================================
Received Import Request.
  Time since last request: 9.275543 seconds.
  path: Assets/Prefabs/Animal_Doe_02.prefab
  artifactKey: Guid(48d52650fd39e71428b76feba30a730f) Importer(815301076,1909f56bfc062723c751e8b465ee728b)
Start importing Assets/Prefabs/Animal_Doe_02.prefab using Guid(48d52650fd39e71428b76feba30a730f) Importer(815301076,1909f56bfc062723c751e8b465ee728b)  -> (artifact id: 'e05ed47c8418cbdf9956c018d62586ef') in 0.020721 seconds
  Import took 0.023952 seconds .

========================================================================
Received Import Request.
  Time since last request: 8.206888 seconds.
  path: Assets/Prefabs/Animal_Doe_02.prefab
  artifactKey: Guid(48d52650fd39e71428b76feba30a730f) Importer(815301076,1909f56bfc062723c751e8b465ee728b)
Start importing Assets/Prefabs/Animal_Doe_02.prefab using Guid(48d52650fd39e71428b76feba30a730f) Importer(815301076,1909f56bfc062723c751e8b465ee728b)  -> (artifact id: '729f6695ae1a080e6210f0f74e65e9f6') in 0.020831 seconds
  Import took 0.046073 seconds .

========================================================================
Received Import Request.
  Time since last request: 4.964502 seconds.
  path: Assets/Prefabs/Animal_Doe_02.prefab
  artifactKey: Guid(48d52650fd39e71428b76feba30a730f) Importer(815301076,1909f56bfc062723c751e8b465ee728b)
Start importing Assets/Prefabs/Animal_Doe_02.prefab using Guid(48d52650fd39e71428b76feba30a730f) Importer(815301076,1909f56bfc062723c751e8b465ee728b)  -> (artifact id: '1a49190ad2c8562e0f1d88ee46ba1964') in 0.021249 seconds
  Import took 0.025079 seconds .

========================================================================
Received Import Request.
  Time since last request: 8.936764 seconds.
  path: Assets/Prefabs/Animal_Doe_02.prefab
  artifactKey: Guid(48d52650fd39e71428b76feba30a730f) Importer(815301076,1909f56bfc062723c751e8b465ee728b)
Start importing Assets/Prefabs/Animal_Doe_02.prefab using Guid(48d52650fd39e71428b76feba30a730f) Importer(815301076,1909f56bfc062723c751e8b465ee728b)  -> (artifact id: '85823d84aa1846ecee059fcd74b78104') in 0.022156 seconds
  Import took 0.025450 seconds .

========================================================================
Received Import Request.
  Time since last request: 9.389433 seconds.
  path: Assets/Prefabs/Animal_Doe_02.prefab
  artifactKey: Guid(48d52650fd39e71428b76feba30a730f) Importer(815301076,1909f56bfc062723c751e8b465ee728b)
Start importing Assets/Prefabs/Animal_Doe_02.prefab using Guid(48d52650fd39e71428b76feba30a730f) Importer(815301076,1909f56bfc062723c751e8b465ee728b)  -> (artifact id: '71d6766ca314da938d31693e1c8cdcca') in 0.022182 seconds
  Import took 0.025072 seconds .

========================================================================
Received Import Request.
  Time since last request: 3.462436 seconds.
  path: Assets/Prefabs/Animal_Doe_02.prefab
  artifactKey: Guid(48d52650fd39e71428b76feba30a730f) Importer(815301076,1909f56bfc062723c751e8b465ee728b)
Start importing Assets/Prefabs/Animal_Doe_02.prefab using Guid(48d52650fd39e71428b76feba30a730f) Importer(815301076,1909f56bfc062723c751e8b465ee728b)  -> (artifact id: '09bacfc0c236940aea8d62d06e07d67d') in 0.022009 seconds
  Import took 0.039557 seconds .

========================================================================
Received Import Request.
  Time since last request: 7.698091 seconds.
  path: Assets/Prefabs/Animal_Doe_02.prefab
  artifactKey: Guid(48d52650fd39e71428b76feba30a730f) Importer(815301076,1909f56bfc062723c751e8b465ee728b)
Start importing Assets/Prefabs/Animal_Doe_02.prefab using Guid(48d52650fd39e71428b76feba30a730f) Importer(815301076,1909f56bfc062723c751e8b465ee728b)  -> (artifact id: '601c4f8808812ceffbe363d35d691070') in 0.020835 seconds
  Import took 0.027463 seconds .

========================================================================
Received Import Request.
  Time since last request: 22.266874 seconds.
  path: Assets/Prefabs/Animal_Fox_01.prefab
  artifactKey: Guid(5cfa7fa9ce1c5d7468b56d7c0b0049cf) Importer(815301076,1909f56bfc062723c751e8b465ee728b)
Start importing Assets/Prefabs/Animal_Fox_01.prefab using Guid(5cfa7fa9ce1c5d7468b56d7c0b0049cf) Importer(815301076,1909f56bfc062723c751e8b465ee728b)  -> (artifact id: 'b2591be0d25d7e259ed870e03054087e') in 0.028000 seconds
  Import took 0.031365 seconds .

========================================================================
Received Import Request.
  Time since last request: 7.981061 seconds.
  path: Assets/Prefabs/Animal_Fox_01.prefab
  artifactKey: Guid(5cfa7fa9ce1c5d7468b56d7c0b0049cf) Importer(815301076,1909f56bfc062723c751e8b465ee728b)
Start importing Assets/Prefabs/Animal_Fox_01.prefab using Guid(5cfa7fa9ce1c5d7468b56d7c0b0049cf) Importer(815301076,1909f56bfc062723c751e8b465ee728b)  -> (artifact id: '2104e460cc5de402d5794a93bbaedee7') in 0.045092 seconds
  Import took 0.049788 seconds .

========================================================================
Received Import Request.
  Time since last request: 0.783521 seconds.
  path: Assets/Prefabs/Animal_Fox_01.prefab
  artifactKey: Guid(5cfa7fa9ce1c5d7468b56d7c0b0049cf) Importer(815301076,1909f56bfc062723c751e8b465ee728b)
Start importing Assets/Prefabs/Animal_Fox_01.prefab using Guid(5cfa7fa9ce1c5d7468b56d7c0b0049cf) Importer(815301076,1909f56bfc062723c751e8b465ee728b)  -> (artifact id: '49af0a2117c845024fc7ccd7982ba567') in 0.020014 seconds
  Import took 0.035372 seconds .

========================================================================
Received Import Request.
  Time since last request: 3.412352 seconds.
  path: Assets/Prefabs/Animal_Fox_01.prefab
  artifactKey: Guid(5cfa7fa9ce1c5d7468b56d7c0b0049cf) Importer(815301076,1909f56bfc062723c751e8b465ee728b)
Start importing Assets/Prefabs/Animal_Fox_01.prefab using Guid(5cfa7fa9ce1c5d7468b56d7c0b0049cf) Importer(815301076,1909f56bfc062723c751e8b465ee728b)  -> (artifact id: 'e073f4d712860ee0a9de45667327f1bc') in 0.019591 seconds
  Import took 0.022735 seconds .

========================================================================
Received Import Request.
  Time since last request: 1.664056 seconds.
  path: Assets/Prefabs/Animal_Fox_01.prefab
  artifactKey: Guid(5cfa7fa9ce1c5d7468b56d7c0b0049cf) Importer(815301076,1909f56bfc062723c751e8b465ee728b)
Start importing Assets/Prefabs/Animal_Fox_01.prefab using Guid(5cfa7fa9ce1c5d7468b56d7c0b0049cf) Importer(815301076,1909f56bfc062723c751e8b465ee728b)  -> (artifact id: 'e047dcc143dba7fc5631b35c588ea3ff') in 0.021065 seconds
  Import took 0.025270 seconds .

========================================================================
Received Import Request.
  Time since last request: 3.702806 seconds.
  path: Assets/Prefabs/Animal_Fox_01.prefab
  artifactKey: Guid(5cfa7fa9ce1c5d7468b56d7c0b0049cf) Importer(815301076,1909f56bfc062723c751e8b465ee728b)
Start importing Assets/Prefabs/Animal_Fox_01.prefab using Guid(5cfa7fa9ce1c5d7468b56d7c0b0049cf) Importer(815301076,1909f56bfc062723c751e8b465ee728b)  -> (artifact id: '31d29fd259e5466730a59c9e8c881602') in 0.020156 seconds
  Import took 0.032237 seconds .

========================================================================
Received Import Request.
  Time since last request: 2.737419 seconds.
  path: Assets/Prefabs/Animal_Fox_01.prefab
  artifactKey: Guid(5cfa7fa9ce1c5d7468b56d7c0b0049cf) Importer(815301076,1909f56bfc062723c751e8b465ee728b)
Start importing Assets/Prefabs/Animal_Fox_01.prefab using Guid(5cfa7fa9ce1c5d7468b56d7c0b0049cf) Importer(815301076,1909f56bfc062723c751e8b465ee728b)  -> (artifact id: '91291e9f4370a6421e1ac19661190ef8') in 0.020842 seconds
  Import took 0.025407 seconds .

========================================================================
Received Import Request.
  Time since last request: 3.105347 seconds.
  path: Assets/Prefabs/Animal_Fox_01.prefab
  artifactKey: Guid(5cfa7fa9ce1c5d7468b56d7c0b0049cf) Importer(815301076,1909f56bfc062723c751e8b465ee728b)
Start importing Assets/Prefabs/Animal_Fox_01.prefab using Guid(5cfa7fa9ce1c5d7468b56d7c0b0049cf) Importer(815301076,1909f56bfc062723c751e8b465ee728b)  -> (artifact id: '5192cdce1368e10284956cea19bddabc') in 0.027552 seconds
  Import took 0.030711 seconds .

========================================================================
Received Import Request.
  Time since last request: 4.560176 seconds.
  path: Assets/Prefabs/Animal_Fox_01.prefab
  artifactKey: Guid(5cfa7fa9ce1c5d7468b56d7c0b0049cf) Importer(815301076,1909f56bfc062723c751e8b465ee728b)
Start importing Assets/Prefabs/Animal_Fox_01.prefab using Guid(5cfa7fa9ce1c5d7468b56d7c0b0049cf) Importer(815301076,1909f56bfc062723c751e8b465ee728b)  -> (artifact id: 'a7aa71634bde54c437cede553292f0d3') in 0.022500 seconds
  Import took 0.025549 seconds .

========================================================================
Received Import Request.
  Time since last request: 2.630760 seconds.
  path: Assets/Prefabs/Animal_Fox_01.prefab
  artifactKey: Guid(5cfa7fa9ce1c5d7468b56d7c0b0049cf) Importer(815301076,1909f56bfc062723c751e8b465ee728b)
Start importing Assets/Prefabs/Animal_Fox_01.prefab using Guid(5cfa7fa9ce1c5d7468b56d7c0b0049cf) Importer(815301076,1909f56bfc062723c751e8b465ee728b)  -> (artifact id: 'fa32310ee5676195c9dfbad8a88b968d') in 0.021359 seconds
  Import took 0.026451 seconds .

========================================================================
Received Import Request.
  Time since last request: 4.235380 seconds.
  path: Assets/Prefabs/Animal_Fox_01.prefab
  artifactKey: Guid(5cfa7fa9ce1c5d7468b56d7c0b0049cf) Importer(815301076,1909f56bfc062723c751e8b465ee728b)
Start importing Assets/Prefabs/Animal_Fox_01.prefab using Guid(5cfa7fa9ce1c5d7468b56d7c0b0049cf) Importer(815301076,1909f56bfc062723c751e8b465ee728b)  -> (artifact id: '18602593373b2395b06d4b5d05a003b7') in 0.020434 seconds
  Import took 0.025301 seconds .

========================================================================
Received Import Request.
  Time since last request: 5.519865 seconds.
  path: Assets/Prefabs/Animal_Fox_01.prefab
  artifactKey: Guid(5cfa7fa9ce1c5d7468b56d7c0b0049cf) Importer(815301076,1909f56bfc062723c751e8b465ee728b)
Start importing Assets/Prefabs/Animal_Fox_01.prefab using Guid(5cfa7fa9ce1c5d7468b56d7c0b0049cf) Importer(815301076,1909f56bfc062723c751e8b465ee728b)  -> (artifact id: '868800c0669fbc0fe4ea9ed785c484e4') in 0.020927 seconds
  Import took 0.024003 seconds .

========================================================================
Received Import Request.
  Time since last request: 3.820339 seconds.
  path: Assets/Prefabs/Animal_Fox_01.prefab
  artifactKey: Guid(5cfa7fa9ce1c5d7468b56d7c0b0049cf) Importer(815301076,1909f56bfc062723c751e8b465ee728b)
Start importing Assets/Prefabs/Animal_Fox_01.prefab using Guid(5cfa7fa9ce1c5d7468b56d7c0b0049cf) Importer(815301076,1909f56bfc062723c751e8b465ee728b)  -> (artifact id: 'df34afc131c94fbe3243e63b081258be') in 0.023021 seconds
  Import took 0.026277 seconds .

========================================================================
Received Import Request.
  Time since last request: 5.326397 seconds.
  path: Assets/Prefabs/Animal_Fox_01.prefab
  artifactKey: Guid(5cfa7fa9ce1c5d7468b56d7c0b0049cf) Importer(815301076,1909f56bfc062723c751e8b465ee728b)
Start importing Assets/Prefabs/Animal_Fox_01.prefab using Guid(5cfa7fa9ce1c5d7468b56d7c0b0049cf) Importer(815301076,1909f56bfc062723c751e8b465ee728b)  -> (artifact id: '0be91f2ba0b2c86bd04e98c859f4eff8') in 0.020583 seconds
  Import took 0.023889 seconds .

========================================================================
Received Import Request.
  Time since last request: 8.193116 seconds.
  path: Assets/Prefabs/Animal_Fox_01.prefab
  artifactKey: Guid(5cfa7fa9ce1c5d7468b56d7c0b0049cf) Importer(815301076,1909f56bfc062723c751e8b465ee728b)
Start importing Assets/Prefabs/Animal_Fox_01.prefab using Guid(5cfa7fa9ce1c5d7468b56d7c0b0049cf) Importer(815301076,1909f56bfc062723c751e8b465ee728b)  -> (artifact id: 'd3367db1957d8d531dfad020d06cf2ff') in 0.023043 seconds
  Import took 0.034037 seconds .

========================================================================
Received Import Request.
  Time since last request: 2.488119 seconds.
  path: Assets/Prefabs/Animal_Fox_01.prefab
  artifactKey: Guid(5cfa7fa9ce1c5d7468b56d7c0b0049cf) Importer(815301076,1909f56bfc062723c751e8b465ee728b)
Start importing Assets/Prefabs/Animal_Fox_01.prefab using Guid(5cfa7fa9ce1c5d7468b56d7c0b0049cf) Importer(815301076,1909f56bfc062723c751e8b465ee728b)  -> (artifact id: '78dd30fd910f37aa876e13a7690e7acd') in 0.019130 seconds
  Import took 0.023683 seconds .

========================================================================
Received Import Request.
  Time since last request: 8.936731 seconds.
  path: Assets/Prefabs/Animal_Fox_01.prefab
  artifactKey: Guid(5cfa7fa9ce1c5d7468b56d7c0b0049cf) Importer(815301076,1909f56bfc062723c751e8b465ee728b)
Start importing Assets/Prefabs/Animal_Fox_01.prefab using Guid(5cfa7fa9ce1c5d7468b56d7c0b0049cf) Importer(815301076,1909f56bfc062723c751e8b465ee728b)  -> (artifact id: 'f82b1443b5a915f7f28c48fdc9e4d301') in 0.020080 seconds
  Import took 0.023697 seconds .

========================================================================
Received Import Request.
  Time since last request: 2.235157 seconds.
  path: Assets/Prefabs/Animal_Fox_01.prefab
  artifactKey: Guid(5cfa7fa9ce1c5d7468b56d7c0b0049cf) Importer(815301076,1909f56bfc062723c751e8b465ee728b)
Start importing Assets/Prefabs/Animal_Fox_01.prefab using Guid(5cfa7fa9ce1c5d7468b56d7c0b0049cf) Importer(815301076,1909f56bfc062723c751e8b465ee728b)  -> (artifact id: 'f72803e5f9b295dfcad391c63d4928f5') in 0.019008 seconds
  Import took 0.022628 seconds .

========================================================================
Received Import Request.
  Time since last request: 12.686602 seconds.
  path: Assets/Prefabs/Animal_Fox_01.prefab
  artifactKey: Guid(5cfa7fa9ce1c5d7468b56d7c0b0049cf) Importer(815301076,1909f56bfc062723c751e8b465ee728b)
Start importing Assets/Prefabs/Animal_Fox_01.prefab using Guid(5cfa7fa9ce1c5d7468b56d7c0b0049cf) Importer(815301076,1909f56bfc062723c751e8b465ee728b)  -> (artifact id: '3efe99a9c49b86433a691b0282268d1a') in 0.026064 seconds
  Import took 0.039649 seconds .

========================================================================
Received Import Request.
  Time since last request: 3.238566 seconds.
  path: Assets/Prefabs/Animal_Fox_01.prefab
  artifactKey: Guid(5cfa7fa9ce1c5d7468b56d7c0b0049cf) Importer(815301076,1909f56bfc062723c751e8b465ee728b)
Start importing Assets/Prefabs/Animal_Fox_01.prefab using Guid(5cfa7fa9ce1c5d7468b56d7c0b0049cf) Importer(815301076,1909f56bfc062723c751e8b465ee728b)  -> (artifact id: '0dd6743efc56e6fccc65d6afc9066229') in 0.022330 seconds
  Import took 0.026466 seconds .

========================================================================
Received Import Request.
  Time since last request: 10.559130 seconds.
  path: Assets/Prefabs/Animal_Doe_02.prefab
  artifactKey: Guid(48d52650fd39e71428b76feba30a730f) Importer(815301076,1909f56bfc062723c751e8b465ee728b)
Start importing Assets/Prefabs/Animal_Doe_02.prefab using Guid(48d52650fd39e71428b76feba30a730f) Importer(815301076,1909f56bfc062723c751e8b465ee728b)  -> (artifact id: '2838c54d10a8a1bdfee5733a2068870a') in 0.051600 seconds
  Import took 0.068065 seconds .

========================================================================
Received Import Request.
  Time since last request: 0.013461 seconds.
  path: Assets/Prefabs/Animal_Doe_02.prefab
  artifactKey: Guid(48d52650fd39e71428b76feba30a730f) Importer(815301076,1909f56bfc062723c751e8b465ee728b)
Start importing Assets/Prefabs/Animal_Doe_02.prefab using Guid(48d52650fd39e71428b76feba30a730f) Importer(815301076,1909f56bfc062723c751e8b465ee728b)  -> (artifact id: '2838c54d10a8a1bdfee5733a2068870a') in 0.022928 seconds
  Import took 0.026399 seconds .

========================================================================
Received Import Request.
  Time since last request: 6.437367 seconds.
  path: Assets/Prefabs/Animal_Moose_01.prefab
  artifactKey: Guid(805f2dcb38729a74188334587efcd8ba) Importer(815301076,1909f56bfc062723c751e8b465ee728b)
Start importing Assets/Prefabs/Animal_Moose_01.prefab using Guid(805f2dcb38729a74188334587efcd8ba) Importer(815301076,1909f56bfc062723c751e8b465ee728b)  -> (artifact id: 'edf1184c07ba9c050663736757af3ab5') in 0.029603 seconds
  Import took 0.033877 seconds .

========================================================================
Received Import Request.
  Time since last request: 2.811197 seconds.
  path: Assets/Prefabs/Animal_Moose_01.prefab
  artifactKey: Guid(805f2dcb38729a74188334587efcd8ba) Importer(815301076,1909f56bfc062723c751e8b465ee728b)
Start importing Assets/Prefabs/Animal_Moose_01.prefab using Guid(805f2dcb38729a74188334587efcd8ba) Importer(815301076,1909f56bfc062723c751e8b465ee728b)  -> (artifact id: 'da86e4d487a01f4c40560752a7d3e3fc') in 0.021558 seconds
  Import took 0.035005 seconds .

========================================================================
Received Import Request.
  Time since last request: 0.005768 seconds.
  path: Assets/Prefabs/Animal_Moose_01.prefab
  artifactKey: Guid(805f2dcb38729a74188334587efcd8ba) Importer(815301076,1909f56bfc062723c751e8b465ee728b)
Start importing Assets/Prefabs/Animal_Moose_01.prefab using Guid(805f2dcb38729a74188334587efcd8ba) Importer(815301076,1909f56bfc062723c751e8b465ee728b)  -> (artifact id: 'da86e4d487a01f4c40560752a7d3e3fc') in 0.020623 seconds
  Import took 0.024968 seconds .

========================================================================
Received Import Request.
  Time since last request: 5.037514 seconds.
  path: Assets/Prefabs/Animal_Moose_01.prefab
  artifactKey: Guid(805f2dcb38729a74188334587efcd8ba) Importer(815301076,1909f56bfc062723c751e8b465ee728b)
Start importing Assets/Prefabs/Animal_Moose_01.prefab using Guid(805f2dcb38729a74188334587efcd8ba) Importer(815301076,1909f56bfc062723c751e8b465ee728b)  -> (artifact id: '65ef91d295af71ee3f76294886096d55') in 0.024141 seconds
  Import took 0.041070 seconds .

========================================================================
Received Import Request.
  Time since last request: 2.014456 seconds.
  path: Assets/Prefabs/Animal_Moose_01.prefab
  artifactKey: Guid(805f2dcb38729a74188334587efcd8ba) Importer(815301076,1909f56bfc062723c751e8b465ee728b)
Start importing Assets/Prefabs/Animal_Moose_01.prefab using Guid(805f2dcb38729a74188334587efcd8ba) Importer(815301076,1909f56bfc062723c751e8b465ee728b)  -> (artifact id: 'c9cf3b4d7782c43359b718037de1e23b') in 0.021797 seconds
  Import took 0.025247 seconds .

========================================================================
Received Import Request.
  Time since last request: 3.683182 seconds.
  path: Assets/Prefabs/Animal_Moose_01.prefab
  artifactKey: Guid(805f2dcb38729a74188334587efcd8ba) Importer(815301076,1909f56bfc062723c751e8b465ee728b)
Start importing Assets/Prefabs/Animal_Moose_01.prefab using Guid(805f2dcb38729a74188334587efcd8ba) Importer(815301076,1909f56bfc062723c751e8b465ee728b)  -> (artifact id: 'b597a3303bcb1b2e33e5e0d15224e1bd') in 0.020841 seconds
  Import took 0.024314 seconds .

========================================================================
Received Import Request.
  Time since last request: 4.627330 seconds.
  path: Assets/Prefabs/Animal_Moose_01.prefab
  artifactKey: Guid(805f2dcb38729a74188334587efcd8ba) Importer(815301076,1909f56bfc062723c751e8b465ee728b)
Start importing Assets/Prefabs/Animal_Moose_01.prefab using Guid(805f2dcb38729a74188334587efcd8ba) Importer(815301076,1909f56bfc062723c751e8b465ee728b)  -> (artifact id: '95b827d5b9038749d0e890393004a756') in 0.019340 seconds
  Import took 0.037713 seconds .

========================================================================
Received Import Request.
  Time since last request: 4.724360 seconds.
  path: Assets/Prefabs/Animal_Moose_01.prefab
  artifactKey: Guid(805f2dcb38729a74188334587efcd8ba) Importer(815301076,1909f56bfc062723c751e8b465ee728b)
Start importing Assets/Prefabs/Animal_Moose_01.prefab using Guid(805f2dcb38729a74188334587efcd8ba) Importer(815301076,1909f56bfc062723c751e8b465ee728b)  -> (artifact id: '5a51de9cd650ae1ab1e88743004512a2') in 0.022843 seconds
  Import took 0.026494 seconds .

========================================================================
Received Import Request.
  Time since last request: 6.932259 seconds.
  path: Assets/Prefabs/Animal_Moose_01.prefab
  artifactKey: Guid(805f2dcb38729a74188334587efcd8ba) Importer(815301076,1909f56bfc062723c751e8b465ee728b)
Start importing Assets/Prefabs/Animal_Moose_01.prefab using Guid(805f2dcb38729a74188334587efcd8ba) Importer(815301076,1909f56bfc062723c751e8b465ee728b)  -> (artifact id: 'f70f38488ca8e161cb8dd7876f31b09a') in 0.041050 seconds
  Import took 0.045699 seconds .

========================================================================
Received Import Request.
  Time since last request: 1.718660 seconds.
  path: Assets/Prefabs/Animal_Moose_01.prefab
  artifactKey: Guid(805f2dcb38729a74188334587efcd8ba) Importer(815301076,1909f56bfc062723c751e8b465ee728b)
Start importing Assets/Prefabs/Animal_Moose_01.prefab using Guid(805f2dcb38729a74188334587efcd8ba) Importer(815301076,1909f56bfc062723c751e8b465ee728b)  -> (artifact id: '4cabead3bd848f7f3c9a8509f55c2799') in 0.020090 seconds
  Import took 0.023319 seconds .

========================================================================
Received Import Request.
  Time since last request: 15.686989 seconds.
  path: Assets/Prefabs/Animal_Moose_01.prefab
  artifactKey: Guid(805f2dcb38729a74188334587efcd8ba) Importer(815301076,1909f56bfc062723c751e8b465ee728b)
Start importing Assets/Prefabs/Animal_Moose_01.prefab using Guid(805f2dcb38729a74188334587efcd8ba) Importer(815301076,1909f56bfc062723c751e8b465ee728b)  -> (artifact id: '72a8f52edf0d84e22d864847f37a64c4') in 0.020359 seconds
  Import took 0.023458 seconds .

========================================================================
Received Import Request.
  Time since last request: 4.319869 seconds.
  path: Assets/Prefabs/Animal_Moose_01.prefab
  artifactKey: Guid(805f2dcb38729a74188334587efcd8ba) Importer(815301076,1909f56bfc062723c751e8b465ee728b)
Start importing Assets/Prefabs/Animal_Moose_01.prefab using Guid(805f2dcb38729a74188334587efcd8ba) Importer(815301076,1909f56bfc062723c751e8b465ee728b)  -> (artifact id: '6868fdc05508a9c52eb53d1833c9c775') in 0.021117 seconds
  Import took 0.025145 seconds .

========================================================================
Received Import Request.
  Time since last request: 2.241550 seconds.
  path: Assets/Prefabs/Animal_Moose_01.prefab
  artifactKey: Guid(805f2dcb38729a74188334587efcd8ba) Importer(815301076,1909f56bfc062723c751e8b465ee728b)
Start importing Assets/Prefabs/Animal_Moose_01.prefab using Guid(805f2dcb38729a74188334587efcd8ba) Importer(815301076,1909f56bfc062723c751e8b465ee728b)  -> (artifact id: '7331710c1cb1b6d1a554372715831a14') in 0.019963 seconds
  Import took 0.024523 seconds .

========================================================================
Received Import Request.
  Time since last request: 3.217998 seconds.
  path: Assets/Prefabs/Animal_Moose_01.prefab
  artifactKey: Guid(805f2dcb38729a74188334587efcd8ba) Importer(815301076,1909f56bfc062723c751e8b465ee728b)
Start importing Assets/Prefabs/Animal_Moose_01.prefab using Guid(805f2dcb38729a74188334587efcd8ba) Importer(815301076,1909f56bfc062723c751e8b465ee728b)  -> (artifact id: '2946ef6bccd98a6ac8dc1a4589fd499f') in 0.022499 seconds
  Import took 0.026476 seconds .

========================================================================
Received Import Request.
  Time since last request: 9.621883 seconds.
  path: Assets/Prefabs/Animal_Moose_01.prefab
  artifactKey: Guid(805f2dcb38729a74188334587efcd8ba) Importer(815301076,1909f56bfc062723c751e8b465ee728b)
Start importing Assets/Prefabs/Animal_Moose_01.prefab using Guid(805f2dcb38729a74188334587efcd8ba) Importer(815301076,1909f56bfc062723c751e8b465ee728b)  -> (artifact id: '8aed2f9bdb85e4a8b0ca81ddb5e0d0a6') in 0.025657 seconds
  Import took 0.029603 seconds .

========================================================================
Received Import Request.
  Time since last request: 0.015122 seconds.
  path: Assets/Prefabs/Animal_Moose_01.prefab
  artifactKey: Guid(805f2dcb38729a74188334587efcd8ba) Importer(815301076,1909f56bfc062723c751e8b465ee728b)
Start importing Assets/Prefabs/Animal_Moose_01.prefab using Guid(805f2dcb38729a74188334587efcd8ba) Importer(815301076,1909f56bfc062723c751e8b465ee728b)  -> (artifact id: '8aed2f9bdb85e4a8b0ca81ddb5e0d0a6') in 0.022506 seconds
  Import took 0.026271 seconds .

========================================================================
Received Import Request.
  Time since last request: 28.723622 seconds.
  path: Assets/Prefabs/Food_Pizza_01.prefab
  artifactKey: Guid(8faeabdda7b3da948a08505841842920) Importer(815301076,1909f56bfc062723c751e8b465ee728b)
Start importing Assets/Prefabs/Food_Pizza_01.prefab using Guid(8faeabdda7b3da948a08505841842920) Importer(815301076,1909f56bfc062723c751e8b465ee728b)  -> (artifact id: '58763dd4393d6e08550913cd269bdece') in 0.115800 seconds
  Import took 0.138627 seconds .

========================================================================
Received Import Request.
  Time since last request: 8.925413 seconds.
  path: Assets/Prefabs/Food_Pizza_01.prefab
  artifactKey: Guid(8faeabdda7b3da948a08505841842920) Importer(815301076,1909f56bfc062723c751e8b465ee728b)
Start importing Assets/Prefabs/Food_Pizza_01.prefab using Guid(8faeabdda7b3da948a08505841842920) Importer(815301076,1909f56bfc062723c751e8b465ee728b)  -> (artifact id: 'be57dcbef993a18554aa5247ebb163f3') in 0.013855 seconds
  Import took 0.017214 seconds .

========================================================================
Received Import Request.
  Time since last request: 1.102982 seconds.
  path: Assets/Prefabs/Food_Pizza_01.prefab
  artifactKey: Guid(8faeabdda7b3da948a08505841842920) Importer(815301076,1909f56bfc062723c751e8b465ee728b)
Start importing Assets/Prefabs/Food_Pizza_01.prefab using Guid(8faeabdda7b3da948a08505841842920) Importer(815301076,1909f56bfc062723c751e8b465ee728b)  -> (artifact id: '6cb2c76a9b6d4c45b89595c298a848cc') in 0.015724 seconds
  Import took 0.019019 seconds .

========================================================================
Received Import Request.
  Time since last request: 1.457620 seconds.
  path: Assets/Prefabs/Food_Pizza_01.prefab
  artifactKey: Guid(8faeabdda7b3da948a08505841842920) Importer(815301076,1909f56bfc062723c751e8b465ee728b)
Start importing Assets/Prefabs/Food_Pizza_01.prefab using Guid(8faeabdda7b3da948a08505841842920) Importer(815301076,1909f56bfc062723c751e8b465ee728b)  -> (artifact id: '5902daf766c5a1d392c61d960678fe76') in 0.012379 seconds
  Import took 0.015114 seconds .

========================================================================
Received Import Request.
  Time since last request: 94.172609 seconds.
  path: Assets/Scripts/DetectCollision.cs
  artifactKey: Guid(4c320e91008af3a46bc968886317f185) Importer(815301076,1909f56bfc062723c751e8b465ee728b)
Start importing Assets/Scripts/DetectCollision.cs using Guid(4c320e91008af3a46bc968886317f185) Importer(815301076,1909f56bfc062723c751e8b465ee728b)  -> (artifact id: '64273240d8623d3512794aeaf8440b33') in 0.012729 seconds
  Import took 0.016879 seconds .

========================================================================
Received Prepare
Registering precompiled user dll's ...
Registered in 0.000962 seconds.
Begin MonoManager ReloadAssembly
Native extension for WindowsStandalone target not found
Refreshing native plugins compatible for Editor in 0.90 ms, found 0 plugins.
Preloading 0 native plugins for Editor in 0.00 ms.
Mono: successfully reloaded assembly
- Completed reload, in  1.252 seconds
Platform modules already initialized, skipping
Refreshing native plugins compatible for Editor in 0.29 ms, found 0 plugins.
Preloading 0 native plugins for Editor in 0.00 ms.
Unloading 1115 Unused Serialized files (Serialized files now loaded: 0)
System memory in use before: 75.0 MB.
System memory in use after: 75.1 MB.

Unloading 5 unused Assets to reduce memory usage. Loaded Objects now: 1627.
Total: 2.379700 ms (FindLiveObjects: 0.225600 ms CreateObjectMapping: 0.085500 ms MarkObjects: 1.983100 ms  DeleteObjects: 0.083200 ms)

========================================================================
Received Prepare
Registering precompiled user dll's ...
Registered in 0.000901 seconds.
Begin MonoManager ReloadAssembly
Native extension for WindowsStandalone target not found
Refreshing native plugins compatible for Editor in 0.28 ms, found 0 plugins.
Preloading 0 native plugins for Editor in 0.00 ms.
Mono: successfully reloaded assembly
- Completed reload, in  1.166 seconds
Platform modules already initialized, skipping
Refreshing native plugins compatible for Editor in 0.29 ms, found 0 plugins.
Preloading 0 native plugins for Editor in 0.00 ms.
Unloading 1115 Unused Serialized files (Serialized files now loaded: 0)
System memory in use before: 75.0 MB.
System memory in use after: 75.1 MB.

Unloading 5 unused Assets to reduce memory usage. Loaded Objects now: 1630.
Total: 3.465600 ms (FindLiveObjects: 0.213200 ms CreateObjectMapping: 0.100900 ms MarkObjects: 3.075700 ms  DeleteObjects: 0.074300 ms)

========================================================================
Received Prepare
Registering precompiled user dll's ...
Registered in 0.000959 seconds.
Begin MonoManager ReloadAssembly
Native extension for WindowsStandalone target not found
Refreshing native plugins compatible for Editor in 0.31 ms, found 0 plugins.
Preloading 0 native plugins for Editor in 0.00 ms.
Mono: successfully reloaded assembly
- Completed reload, in  1.113 seconds
Platform modules already initialized, skipping
Refreshing native plugins compatible for Editor in 0.28 ms, found 0 plugins.
Preloading 0 native plugins for Editor in 0.00 ms.
Unloading 1115 Unused Serialized files (Serialized files now loaded: 0)
System memory in use before: 75.0 MB.
System memory in use after: 75.1 MB.

Unloading 5 unused Assets to reduce memory usage. Loaded Objects now: 1633.
Total: 2.402800 ms (FindLiveObjects: 0.234900 ms CreateObjectMapping: 0.085900 ms MarkObjects: 1.996800 ms  DeleteObjects: 0.084100 ms)

========================================================================
Received Prepare
Registering precompiled user dll's ...
Registered in 0.001481 seconds.
Begin MonoManager ReloadAssembly
Native extension for WindowsStandalone target not found
Refreshing native plugins compatible for Editor in 0.28 ms, found 0 plugins.
Preloading 0 native plugins for Editor in 0.00 ms.
Mono: successfully reloaded assembly
- Completed reload, in  1.078 seconds
Platform modules already initialized, skipping
Refreshing native plugins compatible for Editor in 0.31 ms, found 0 plugins.
Preloading 0 native plugins for Editor in 0.00 ms.
Unloading 1128 Unused Serialized files (Serialized files now loaded: 0)
System memory in use before: 77.1 MB.
System memory in use after: 76.5 MB.

Unloading 18 unused Assets to reduce memory usage. Loaded Objects now: 1636.
Total: 2.577000 ms (FindLiveObjects: 0.172900 ms CreateObjectMapping: 0.074700 ms MarkObjects: 1.922900 ms  DeleteObjects: 0.405600 ms)

========================================================================
Received Prepare
Registering precompiled user dll's ...
Registered in 0.000773 seconds.
Begin MonoManager ReloadAssembly
Native extension for WindowsStandalone target not found
Refreshing native plugins compatible for Editor in 0.46 ms, found 0 plugins.
Preloading 0 native plugins for Editor in 0.00 ms.
Mono: successfully reloaded assembly
- Completed reload, in  1.104 seconds
Platform modules already initialized, skipping
Refreshing native plugins compatible for Editor in 0.34 ms, found 0 plugins.
Preloading 0 native plugins for Editor in 0.00 ms.
Unloading 1128 Unused Serialized files (Serialized files now loaded: 0)
System memory in use before: 77.1 MB.
System memory in use after: 76.5 MB.

Unloading 18 unused Assets to reduce memory usage. Loaded Objects now: 1639.
Total: 2.880600 ms (FindLiveObjects: 0.177700 ms CreateObjectMapping: 0.075200 ms MarkObjects: 2.223900 ms  DeleteObjects: 0.402900 ms)

========================================================================
Received Prepare
Registering precompiled user dll's ...
Registered in 0.000876 seconds.
Begin MonoManager ReloadAssembly
Native extension for WindowsStandalone target not found
Refreshing native plugins compatible for Editor in 0.41 ms, found 0 plugins.
Preloading 0 native plugins for Editor in 0.00 ms.
Mono: successfully reloaded assembly
- Completed reload, in  1.067 seconds
Platform modules already initialized, skipping
Refreshing native plugins compatible for Editor in 0.29 ms, found 0 plugins.
Preloading 0 native plugins for Editor in 0.00 ms.
Unloading 1128 Unused Serialized files (Serialized files now loaded: 0)
System memory in use before: 77.1 MB.
System memory in use after: 76.5 MB.

Unloading 18 unused Assets to reduce memory usage. Loaded Objects now: 1642.
Total: 2.628100 ms (FindLiveObjects: 0.196400 ms CreateObjectMapping: 0.085200 ms MarkObjects: 1.952200 ms  DeleteObjects: 0.393300 ms)

========================================================================
Received Import Request.
  Time since last request: 1581.939022 seconds.
  path: Assets/Prefabs/Animal_Doe_02.prefab
  artifactKey: Guid(48d52650fd39e71428b76feba30a730f) Importer(815301076,1909f56bfc062723c751e8b465ee728b)
Start importing Assets/Prefabs/Animal_Doe_02.prefab using Guid(48d52650fd39e71428b76feba30a730f) Importer(815301076,1909f56bfc062723c751e8b465ee728b)  -> (artifact id: '3922c6dce8072e061789674ece19410c') in 0.179955 seconds
  Import took 0.183779 seconds .

========================================================================
Received Import Request.
  Time since last request: 0.000240 seconds.
  path: Assets/Prefabs/Animal_Moose_01.prefab
  artifactKey: Guid(805f2dcb38729a74188334587efcd8ba) Importer(815301076,1909f56bfc062723c751e8b465ee728b)
Start importing Assets/Prefabs/Animal_Moose_01.prefab using Guid(805f2dcb38729a74188334587efcd8ba) Importer(815301076,1909f56bfc062723c751e8b465ee728b)  -> (artifact id: 'dc9e025e7db216823959a87a21bf1513') in 0.029360 seconds
  Import took 0.033393 seconds .

========================================================================
Received Import Request.
  Time since last request: 0.000305 seconds.
  path: Assets/Prefabs/Food_Pizza_01.prefab
  artifactKey: Guid(8faeabdda7b3da948a08505841842920) Importer(815301076,1909f56bfc062723c751e8b465ee728b)
Start importing Assets/Prefabs/Food_Pizza_01.prefab using Guid(8faeabdda7b3da948a08505841842920) Importer(815301076,1909f56bfc062723c751e8b465ee728b)  -> (artifact id: '18646d79d55a6d8e6aac3d85a137a817') in 0.019753 seconds
  Import took 0.022462 seconds .

========================================================================
Received Import Request.
  Time since last request: 0.000520 seconds.
  path: Assets/Prefabs/Animal_Fox_01.prefab
  artifactKey: Guid(5cfa7fa9ce1c5d7468b56d7c0b0049cf) Importer(815301076,1909f56bfc062723c751e8b465ee728b)
Start importing Assets/Prefabs/Animal_Fox_01.prefab using Guid(5cfa7fa9ce1c5d7468b56d7c0b0049cf) Importer(815301076,1909f56bfc062723c751e8b465ee728b)  -> (artifact id: '1480ec6302f31ca293815ef281c8a413') in 0.030431 seconds
  Import took 0.033970 seconds .

========================================================================
Received Import Request.
  Time since last request: 89.026250 seconds.
  path: Assets/Prefabs/Life.prefab
  artifactKey: Guid(5897c47e76f21d944a615b26e154e8ff) Importer(815301076,1909f56bfc062723c751e8b465ee728b)
Start importing Assets/Prefabs/Life.prefab using Guid(5897c47e76f21d944a615b26e154e8ff) Importer(815301076,1909f56bfc062723c751e8b465ee728b)  -> (artifact id: '5192852a957d41d6be988ffbdafcc7a2') in 0.108622 seconds
  Import took 0.112729 seconds .

========================================================================
Received Import Request.
  Time since last request: 8.810757 seconds.
  path: Assets/Prefabs/Animal_Doe_02.prefab
  artifactKey: Guid(48d52650fd39e71428b76feba30a730f) Importer(815301076,1909f56bfc062723c751e8b465ee728b)
Start importing Assets/Prefabs/Animal_Doe_02.prefab using Guid(48d52650fd39e71428b76feba30a730f) Importer(815301076,1909f56bfc062723c751e8b465ee728b)  -> (artifact id: '5b49d89a7e5b843f44634b93a24ed241') in 0.062721 seconds
  Import took 0.067622 seconds .

========================================================================
Received Import Request.
  Time since last request: 3.014353 seconds.
  path: Assets/Prefabs/Score.prefab
  artifactKey: Guid(d0d4fde3728f9b64faaaa45b6c7b1245) Importer(815301076,1909f56bfc062723c751e8b465ee728b)
Start importing Assets/Prefabs/Score.prefab using Guid(d0d4fde3728f9b64faaaa45b6c7b1245) Importer(815301076,1909f56bfc062723c751e8b465ee728b)  -> (artifact id: '486a4f8d7405d26dcdcef406eb15d879') in 0.048439 seconds
  Import took 0.051400 seconds .

========================================================================
Received Import Request.
  Time since last request: 0.005098 seconds.
  path: Assets/Prefabs/Score.prefab
  artifactKey: Guid(d0d4fde3728f9b64faaaa45b6c7b1245) Importer(815301076,1909f56bfc062723c751e8b465ee728b)
Start importing Assets/Prefabs/Score.prefab using Guid(d0d4fde3728f9b64faaaa45b6c7b1245) Importer(815301076,1909f56bfc062723c751e8b465ee728b)  -> (artifact id: '486a4f8d7405d26dcdcef406eb15d879') in 0.028906 seconds
  Import took 0.033096 seconds .

========================================================================
Received Import Request.
  Time since last request: 7.180314 seconds.
  path: Assets/Prefabs/Animal_Doe_02.prefab
  artifactKey: Guid(48d52650fd39e71428b76feba30a730f) Importer(815301076,1909f56bfc062723c751e8b465ee728b)
Start importing Assets/Prefabs/Animal_Doe_02.prefab using Guid(48d52650fd39e71428b76feba30a730f) Importer(815301076,1909f56bfc062723c751e8b465ee728b)  -> (artifact id: '506e9e58f5f126c0945dc4e271c4aa70') in 0.051540 seconds
  Import took 0.055934 seconds .

========================================================================
Received Import Request.
  Time since last request: 1.423000 seconds.
  path: Assets/Prefabs/Animal_Doe_02.prefab
  artifactKey: Guid(48d52650fd39e71428b76feba30a730f) Importer(815301076,1909f56bfc062723c751e8b465ee728b)
Start importing Assets/Prefabs/Animal_Doe_02.prefab using Guid(48d52650fd39e71428b76feba30a730f) Importer(815301076,1909f56bfc062723c751e8b465ee728b)  -> (artifact id: '827bd3518831a1baaedc8211542fc978') in 0.047895 seconds
  Import took 0.051756 seconds .

========================================================================
Received Import Request.
  Time since last request: 4.144993 seconds.
  path: Assets/Prefabs/Animal_Fox_01.prefab
  artifactKey: Guid(5cfa7fa9ce1c5d7468b56d7c0b0049cf) Importer(815301076,1909f56bfc062723c751e8b465ee728b)
Start importing Assets/Prefabs/Animal_Fox_01.prefab using Guid(5cfa7fa9ce1c5d7468b56d7c0b0049cf) Importer(815301076,1909f56bfc062723c751e8b465ee728b)  -> (artifact id: '80976b734b5510ddad6eee3dfd191c3a') in 0.048027 seconds
  Import took 0.051705 seconds .

========================================================================
Received Import Request.
  Time since last request: 1.243695 seconds.
  path: Assets/Prefabs/Animal_Fox_01.prefab
  artifactKey: Guid(5cfa7fa9ce1c5d7468b56d7c0b0049cf) Importer(815301076,1909f56bfc062723c751e8b465ee728b)
Start importing Assets/Prefabs/Animal_Fox_01.prefab using Guid(5cfa7fa9ce1c5d7468b56d7c0b0049cf) Importer(815301076,1909f56bfc062723c751e8b465ee728b)  -> (artifact id: 'f7b06cfe9c8a0adf1d5dc1e3fedd291b') in 0.048658 seconds
  Import took 0.052311 seconds .

========================================================================
Received Import Request.
  Time since last request: 0.002567 seconds.
  path: Assets/Prefabs/Animal_Fox_01.prefab
  artifactKey: Guid(5cfa7fa9ce1c5d7468b56d7c0b0049cf) Importer(815301076,1909f56bfc062723c751e8b465ee728b)
Start importing Assets/Prefabs/Animal_Fox_01.prefab using Guid(5cfa7fa9ce1c5d7468b56d7c0b0049cf) Importer(815301076,1909f56bfc062723c751e8b465ee728b)  -> (artifact id: 'f7b06cfe9c8a0adf1d5dc1e3fedd291b') in 0.045340 seconds
  Import took 0.049134 seconds .

========================================================================
Received Import Request.
  Time since last request: 3.057222 seconds.
  path: Assets/Prefabs/Animal_Moose_01.prefab
  artifactKey: Guid(805f2dcb38729a74188334587efcd8ba) Importer(815301076,1909f56bfc062723c751e8b465ee728b)
Start importing Assets/Prefabs/Animal_Moose_01.prefab using Guid(805f2dcb38729a74188334587efcd8ba) Importer(815301076,1909f56bfc062723c751e8b465ee728b)  -> (artifact id: '154f980942b2b257216f6a830288e453') in 0.055509 seconds
  Import took 0.059263 seconds .

========================================================================
Received Import Request.
  Time since last request: 0.004076 seconds.
  path: Assets/Prefabs/Animal_Moose_01.prefab
  artifactKey: Guid(805f2dcb38729a74188334587efcd8ba) Importer(815301076,1909f56bfc062723c751e8b465ee728b)
Start importing Assets/Prefabs/Animal_Moose_01.prefab using Guid(805f2dcb38729a74188334587efcd8ba) Importer(815301076,1909f56bfc062723c751e8b465ee728b)  -> (artifact id: '154f980942b2b257216f6a830288e453') in 0.058637 seconds
  Import took 0.063543 seconds .

========================================================================
Received Import Request.
  Time since last request: 1.801860 seconds.
  path: Assets/Prefabs/Animal_Moose_01.prefab
  artifactKey: Guid(805f2dcb38729a74188334587efcd8ba) Importer(815301076,1909f56bfc062723c751e8b465ee728b)
Start importing Assets/Prefabs/Animal_Moose_01.prefab using Guid(805f2dcb38729a74188334587efcd8ba) Importer(815301076,1909f56bfc062723c751e8b465ee728b)  -> (artifact id: '59a088127b0f7961737ad4af540b3493') in 0.045646 seconds
  Import took 0.049518 seconds .

========================================================================
Received Prepare
Registering precompiled user dll's ...
Registered in 0.000909 seconds.
Begin MonoManager ReloadAssembly
Native extension for WindowsStandalone target not found
Refreshing native plugins compatible for Editor in 0.27 ms, found 0 plugins.
Preloading 0 native plugins for Editor in 0.00 ms.
Mono: successfully reloaded assembly
- Completed reload, in  1.035 seconds
Platform modules already initialized, skipping
Refreshing native plugins compatible for Editor in 0.29 ms, found 0 plugins.
Preloading 0 native plugins for Editor in 0.00 ms.
Unloading 1128 Unused Serialized files (Serialized files now loaded: 0)
System memory in use before: 77.1 MB.
System memory in use after: 76.5 MB.

Unloading 18 unused Assets to reduce memory usage. Loaded Objects now: 1646.
Total: 2.622500 ms (FindLiveObjects: 0.202400 ms CreateObjectMapping: 0.088600 ms MarkObjects: 1.847300 ms  DeleteObjects: 0.483100 ms)

========================================================================
Received Import Request.
  Time since last request: 73.606429 seconds.
  path: Assets/Prefabs/Animal_Doe_02.prefab
  artifactKey: Guid(48d52650fd39e71428b76feba30a730f) Importer(815301076,1909f56bfc062723c751e8b465ee728b)
Start importing Assets/Prefabs/Animal_Doe_02.prefab using Guid(48d52650fd39e71428b76feba30a730f) Importer(815301076,1909f56bfc062723c751e8b465ee728b)  -> (artifact id: 'a6517965c088e07473587393caeb414a') in 0.075363 seconds
  Import took 0.078580 seconds .

========================================================================
Received Import Request.
  Time since last request: 0.000274 seconds.
  path: Assets/Prefabs/Animal_Moose_01.prefab
  artifactKey: Guid(805f2dcb38729a74188334587efcd8ba) Importer(815301076,1909f56bfc062723c751e8b465ee728b)
Start importing Assets/Prefabs/Animal_Moose_01.prefab using Guid(805f2dcb38729a74188334587efcd8ba) Importer(815301076,1909f56bfc062723c751e8b465ee728b)  -> (artifact id: '636bce1b84dc347a988416f087328219') in 0.022583 seconds
  Import took 0.025972 seconds .

========================================================================
Received Import Request.
  Time since last request: 0.000279 seconds.
  path: Assets/Prefabs/Food_Pizza_01.prefab
  artifactKey: Guid(8faeabdda7b3da948a08505841842920) Importer(815301076,1909f56bfc062723c751e8b465ee728b)
Start importing Assets/Prefabs/Food_Pizza_01.prefab using Guid(8faeabdda7b3da948a08505841842920) Importer(815301076,1909f56bfc062723c751e8b465ee728b)  -> (artifact id: '292b46a6bd177c9a5cbe107a38cd9288') in 0.015060 seconds
  Import took 0.017843 seconds .

========================================================================
Received Import Request.
  Time since last request: 0.000359 seconds.
  path: Assets/Prefabs/Animal_Fox_01.prefab
  artifactKey: Guid(5cfa7fa9ce1c5d7468b56d7c0b0049cf) Importer(815301076,1909f56bfc062723c751e8b465ee728b)
Start importing Assets/Prefabs/Animal_Fox_01.prefab using Guid(5cfa7fa9ce1c5d7468b56d7c0b0049cf) Importer(815301076,1909f56bfc062723c751e8b465ee728b)  -> (artifact id: '71be3a3b35b78041bb3d7c7c4319a73a') in 0.025796 seconds
  Import took 0.029843 seconds .

========================================================================
Received Prepare
Refreshing native plugins compatible for Editor in 0.91 ms, found 0 plugins.
Preloading 0 native plugins for Editor in 0.00 ms.
Unloading 16 Unused Serialized files (Serialized files now loaded: 0)
System memory in use before: 56.9 MB.
System memory in use after: 56.3 MB.

Unloading 16 unused Assets to reduce memory usage. Loaded Objects now: 1647.
Total: 3.786400 ms (FindLiveObjects: 0.214700 ms CreateObjectMapping: 0.089900 ms MarkObjects: 3.052100 ms  DeleteObjects: 0.428200 ms)

AssetImportWorkerClient::OnTransportError - code=2 error=End of file
